[INFO ] 2019-04-13 11:04:55.233 [main] FmsApplicationTests - Starting FmsApplicationTests on LAPTOP-3QD90GOJ with PID 13552 (started by hp in D:\eclipse-workspace\Fms)
[DEBUG] 2019-04-13 11:04:55.233 [main] FmsApplicationTests - Running with Spring Boot v2.1.3.RELEASE, Spring v5.1.5.RELEASE
[INFO ] 2019-04-13 11:04:55.234 [main] FmsApplicationTests - No active profile set, falling back to default profiles: default
[INFO ] 2019-04-13 11:05:58.444 [main] FmsApplicationTests - Starting FmsApplicationTests on LAPTOP-3QD90GOJ with PID 16772 (started by hp in D:\eclipse-workspace\Fms)
[DEBUG] 2019-04-13 11:05:58.445 [main] FmsApplicationTests - Running with Spring Boot v2.1.3.RELEASE, Spring v5.1.5.RELEASE
[INFO ] 2019-04-13 11:05:58.446 [main] FmsApplicationTests - No active profile set, falling back to default profiles: default
[INFO ] 2019-04-13 11:06:03.021 [main] FmsApplicationTests - Started FmsApplicationTests in 4.761 seconds (JVM running for 5.61)
[INFO ] 2019-04-13 11:06:29.641 [main] FmsApplication - Starting the application...
[INFO ] 2019-04-13 11:06:29.779 [restartedMain] FmsApplication - Starting the application...
[INFO ] 2019-04-13 11:06:29.996 [restartedMain] FmsApplication - Starting FmsApplication on LAPTOP-3QD90GOJ with PID 4456 (D:\eclipse-workspace\Fms\target\classes started by hp in D:\eclipse-workspace\Fms)
[DEBUG] 2019-04-13 11:06:29.997 [restartedMain] FmsApplication - Running with Spring Boot v2.1.3.RELEASE, Spring v5.1.5.RELEASE
[INFO ] 2019-04-13 11:06:29.997 [restartedMain] FmsApplication - No active profile set, falling back to default profiles: default
[INFO ] 2019-04-13 11:06:34.243 [restartedMain] FmsApplication - Started FmsApplication in 4.46 seconds (JVM running for 5.303)
[INFO ] 2019-04-13 11:06:55.402 [http-nio-8080-exec-2] TransactionContoller - [0,123456,123456789,147852,147852369,963852,INR,12000.0,SER,IND,false, -,-]
[INFO ] 2019-04-13 11:07:05.344 [http-nio-8080-exec-3] TransactionContoller - [[1,123456,123456789,147852,147852369,963852,INR,2019-03-27 15:25:27.846,12000.0,SER,IND,false, -,-], [2,123456,123456789,147852,147852369,963852,INR,2019-03-27 15:52:48.838,12000.0,SER,IND,false, -,-], [3,123456,123456789,147852,147852369,963852,INR,2019-03-27 15:54:59.471,12000.0,SER,IND,false, -,-], [4,123456,123456789,147852,147852369,963852,INR,2019-03-30 13:54:24.137,12000.0,SER,IND,false, -,-], [5,123456,123456789,147852,147852369,963852,INR,2019-03-30 17:28:30.749,12000.0,SER,IND,false, -,-], [6,123456,123456789,147852,147852369,963852,INR,2019-04-13 11:06:55.456,12000.0,SER,IND,false, -,-]]
[INFO ] 2019-04-13 11:07:36.973 [restartedMain] FmsApplication - Starting the application...
[INFO ] 2019-04-13 11:07:37.011 [restartedMain] FmsApplication - Starting FmsApplication on LAPTOP-3QD90GOJ with PID 4456 (D:\eclipse-workspace\Fms\target\classes started by hp in D:\eclipse-workspace\Fms)
[DEBUG] 2019-04-13 11:07:37.011 [restartedMain] FmsApplication - Running with Spring Boot v2.1.3.RELEASE, Spring v5.1.5.RELEASE
[INFO ] 2019-04-13 11:07:37.011 [restartedMain] FmsApplication - No active profile set, falling back to default profiles: default
[INFO ] 2019-04-13 11:07:37.857 [restartedMain] FmsApplication - Started FmsApplication in 0.881 seconds (JVM running for 68.918)
[INFO ] 2019-04-13 11:13:58.839 [restartedMain] FmsApplication - Starting the application...
[INFO ] 2019-04-13 11:13:58.868 [restartedMain] FmsApplication - Starting FmsApplication on LAPTOP-3QD90GOJ with PID 4456 (D:\eclipse-workspace\Fms\target\classes started by hp in D:\eclipse-workspace\Fms)
[DEBUG] 2019-04-13 11:13:58.868 [restartedMain] FmsApplication - Running with Spring Boot v2.1.3.RELEASE, Spring v5.1.5.RELEASE
[INFO ] 2019-04-13 11:13:58.868 [restartedMain] FmsApplication - No active profile set, falling back to default profiles: default
[INFO ] 2019-04-13 11:13:59.651 [restartedMain] FmsApplication - Started FmsApplication in 0.809 seconds (JVM running for 450.711)





[INFO ] 2019-04-13 15:45:41.561 [main] FmsApplicationTests - Starting FmsApplicationTests on LAPTOP-3QD90GOJ with PID 14600 (started by hp in D:\eclipse-workspace\Fms)
[DEBUG] 2019-04-13 15:45:41.563 [main] FmsApplicationTests - Running with Spring Boot v2.1.3.RELEASE, Spring v5.1.5.RELEASE
[INFO ] 2019-04-13 15:45:41.563 [main] FmsApplicationTests - No active profile set, falling back to default profiles: default
[INFO ] 2019-04-13 15:45:48.113 [main] FmsApplicationTests - Started FmsApplicationTests in 6.853 seconds (JVM running for 8.234)
[INFO ] 2019-04-13 15:46:06.242 [main] FmsApplication - Starting the application...
[INFO ] 2019-04-13 15:46:06.422 [restartedMain] FmsApplication - Starting the application...
[INFO ] 2019-04-13 15:46:06.710 [restartedMain] FmsApplication - Starting FmsApplication on LAPTOP-3QD90GOJ with PID 7920 (D:\eclipse-workspace\Fms\target\classes started by hp in D:\eclipse-workspace\Fms)
[DEBUG] 2019-04-13 15:46:06.710 [restartedMain] FmsApplication - Running with Spring Boot v2.1.3.RELEASE, Spring v5.1.5.RELEASE
[INFO ] 2019-04-13 15:46:06.711 [restartedMain] FmsApplication - No active profile set, falling back to default profiles: default
[INFO ] 2019-04-13 15:46:12.310 [restartedMain] FmsApplication - Started FmsApplication in 5.883 seconds (JVM running for 6.781)
[INFO ] 2019-04-13 15:47:05.654 [http-nio-8080-exec-4] TransactionContoller - [0,123456,123456789,147852,147852369,963852,INR,12000.0,SER,IND,false, -,-]
[INFO ] 2019-04-13 15:47:29.408 [http-nio-8080-exec-5] TransactionContoller - [[1,123456,123456789,147852,147852369,963852,INR,2019-03-27 15:25:27.846,12000.0,SER,IND,false, -,-], [2,123456,123456789,147852,147852369,963852,INR,2019-03-27 15:52:48.838,12000.0,SER,IND,false, -,-], [3,123456,123456789,147852,147852369,963852,INR,2019-03-27 15:54:59.471,12000.0,SER,IND,false, -,-], [4,123456,123456789,147852,147852369,963852,INR,2019-03-30 13:54:24.137,12000.0,SER,IND,false, -,-], [5,123456,123456789,147852,147852369,963852,INR,2019-03-30 17:28:30.749,12000.0,SER,IND,false, -,-], [6,123456,123456789,147852,147852369,963852,INR,2019-04-13 11:06:55.456,12000.0,SER,IND,false, -,-], [7,123456,123456789,147852,147852369,963852,INR,2019-04-13 15:43:48.781,12000.0,SER,IND,false, -,-], [8,123456,123456789,147852,147852369,963852,INR,2019-04-13 15:47:05.712,12000.0,SER,IND,false, -,-]]
