[INFO ] 2019-04-14 14:15:49.407 [main] FmsApplication - Starting the application...
[INFO ] 2019-04-14 14:15:49.583 [restartedMain] FmsApplication - Starting the application...
[INFO ] 2019-04-14 14:15:49.866 [restartedMain] FmsApplication - Starting FmsApplication on LAPTOP-3QD90GOJ with PID 8648 (D:\eclipse-workspace\Fms\target\classes started by hp in D:\eclipse-workspace\Fms)
[DEBUG] 2019-04-14 14:15:49.867 [restartedMain] FmsApplication - Running with Spring Boot v2.1.3.RELEASE, Spring v5.1.5.RELEASE
[INFO ] 2019-04-14 14:15:49.868 [restartedMain] FmsApplication - No active profile set, falling back to default profiles: default
[INFO ] 2019-04-14 14:15:55.483 [restartedMain] FmsApplication - Started FmsApplication in 5.895 seconds (JVM running for 6.78)
[INFO ] 2019-04-14 14:16:53.701 [http-nio-8080-exec-2] TransactionContoller - [[1,123456,123456789,147852,147852369,963852,INR,2019-03-27 15:25:27.846,12000.0,SER,IND,false, -,-], [2,123456,123456789,147852,147852369,963852,INR,2019-03-27 15:52:48.838,12000.0,SER,IND,false, -,-], [3,123456,123456789,147852,147852369,963852,INR,2019-03-27 15:54:59.471,12000.0,SER,IND,false, -,-], [4,123456,123456789,147852,147852369,963852,INR,2019-03-30 13:54:24.137,12000.0,SER,IND,false, -,-], [5,123456,123456789,147852,147852369,963852,INR,2019-03-30 17:28:30.749,12000.0,SER,IND,false, -,-], [6,123456,123456789,147852,147852369,963852,INR,2019-04-13 11:06:55.456,12000.0,SER,IND,false, -,-], [7,123456,123456789,147852,147852369,963852,INR,2019-04-13 15:43:48.781,12000.0,SER,IND,false, -,-], [8,123456,123456789,147852,147852369,963852,INR,2019-04-13 15:47:05.712,12000.0,SER,IND,false, -,-], [9,123456,123456789,147852,147852369,963852,INR,2019-04-14 13:44:49.999,12000.0,SER,IND,false, -,-], [10,123456,123456789,147852,147852369,963852,INR,2019-04-14 13:46:27.035,12000.0,SER,IND,false, -,-]]
[INFO ] 2019-04-14 14:16:56.133 [http-nio-8080-exec-3] TransactionContoller - [[1,123456,123456789,147852,147852369,963852,INR,2019-03-27 15:25:27.846,12000.0,SER,IND,false, -,-], [2,123456,123456789,147852,147852369,963852,INR,2019-03-27 15:52:48.838,12000.0,SER,IND,false, -,-], [3,123456,123456789,147852,147852369,963852,INR,2019-03-27 15:54:59.471,12000.0,SER,IND,false, -,-], [4,123456,123456789,147852,147852369,963852,INR,2019-03-30 13:54:24.137,12000.0,SER,IND,false, -,-], [5,123456,123456789,147852,147852369,963852,INR,2019-03-30 17:28:30.749,12000.0,SER,IND,false, -,-], [6,123456,123456789,147852,147852369,963852,INR,2019-04-13 11:06:55.456,12000.0,SER,IND,false, -,-], [7,123456,123456789,147852,147852369,963852,INR,2019-04-13 15:43:48.781,12000.0,SER,IND,false, -,-], [8,123456,123456789,147852,147852369,963852,INR,2019-04-13 15:47:05.712,12000.0,SER,IND,false, -,-], [9,123456,123456789,147852,147852369,963852,INR,2019-04-14 13:44:49.999,12000.0,SER,IND,false, -,-], [10,123456,123456789,147852,147852369,963852,INR,2019-04-14 13:46:27.035,12000.0,SER,IND,false, -,-]]
[INFO ] 2019-04-14 14:23:57.185 [http-nio-8080-exec-6] TransactionContoller - [[1,123456,123456789,147852,147852369,963852,INR,2019-03-27 15:25:27.846,12000.0,SER,IND,false, -,-], [2,123456,123456789,147852,147852369,963852,INR,2019-03-27 15:52:48.838,12000.0,SER,IND,false, -,-], [3,123456,123456789,147852,147852369,963852,INR,2019-03-27 15:54:59.471,12000.0,SER,IND,false, -,-], [4,123456,123456789,147852,147852369,963852,INR,2019-03-30 13:54:24.137,12000.0,SER,IND,false, -,-], [5,123456,123456789,147852,147852369,963852,INR,2019-03-30 17:28:30.749,12000.0,SER,IND,false, -,-], [6,123456,123456789,147852,147852369,963852,INR,2019-04-13 11:06:55.456,12000.0,SER,IND,false, -,-], [7,123456,123456789,147852,147852369,963852,INR,2019-04-13 15:43:48.781,12000.0,SER,IND,false, -,-], [8,123456,123456789,147852,147852369,963852,INR,2019-04-13 15:47:05.712,12000.0,SER,IND,false, -,-], [9,123456,123456789,147852,147852369,963852,INR,2019-04-14 13:44:49.999,12000.0,SER,IND,false, -,-], [10,123456,123456789,147852,147852369,963852,INR,2019-04-14 13:46:27.035,12000.0,SER,IND,false, -,-]]
[INFO ] 2019-04-14 14:23:58.110 [http-nio-8080-exec-7] TransactionContoller - [[1,123456,123456789,147852,147852369,963852,INR,2019-03-27 15:25:27.846,12000.0,SER,IND,false, -,-], [2,123456,123456789,147852,147852369,963852,INR,2019-03-27 15:52:48.838,12000.0,SER,IND,false, -,-], [3,123456,123456789,147852,147852369,963852,INR,2019-03-27 15:54:59.471,12000.0,SER,IND,false, -,-], [4,123456,123456789,147852,147852369,963852,INR,2019-03-30 13:54:24.137,12000.0,SER,IND,false, -,-], [5,123456,123456789,147852,147852369,963852,INR,2019-03-30 17:28:30.749,12000.0,SER,IND,false, -,-], [6,123456,123456789,147852,147852369,963852,INR,2019-04-13 11:06:55.456,12000.0,SER,IND,false, -,-], [7,123456,123456789,147852,147852369,963852,INR,2019-04-13 15:43:48.781,12000.0,SER,IND,false, -,-], [8,123456,123456789,147852,147852369,963852,INR,2019-04-13 15:47:05.712,12000.0,SER,IND,false, -,-], [9,123456,123456789,147852,147852369,963852,INR,2019-04-14 13:44:49.999,12000.0,SER,IND,false, -,-], [10,123456,123456789,147852,147852369,963852,INR,2019-04-14 13:46:27.035,12000.0,SER,IND,false, -,-]]
[INFO ] 2019-04-14 14:23:59.045 [http-nio-8080-exec-8] TransactionContoller - [[1,123456,123456789,147852,147852369,963852,INR,2019-03-27 15:25:27.846,12000.0,SER,IND,false, -,-], [2,123456,123456789,147852,147852369,963852,INR,2019-03-27 15:52:48.838,12000.0,SER,IND,false, -,-], [3,123456,123456789,147852,147852369,963852,INR,2019-03-27 15:54:59.471,12000.0,SER,IND,false, -,-], [4,123456,123456789,147852,147852369,963852,INR,2019-03-30 13:54:24.137,12000.0,SER,IND,false, -,-], [5,123456,123456789,147852,147852369,963852,INR,2019-03-30 17:28:30.749,12000.0,SER,IND,false, -,-], [6,123456,123456789,147852,147852369,963852,INR,2019-04-13 11:06:55.456,12000.0,SER,IND,false, -,-], [7,123456,123456789,147852,147852369,963852,INR,2019-04-13 15:43:48.781,12000.0,SER,IND,false, -,-], [8,123456,123456789,147852,147852369,963852,INR,2019-04-13 15:47:05.712,12000.0,SER,IND,false, -,-], [9,123456,123456789,147852,147852369,963852,INR,2019-04-14 13:44:49.999,12000.0,SER,IND,false, -,-], [10,123456,123456789,147852,147852369,963852,INR,2019-04-14 13:46:27.035,12000.0,SER,IND,false, -,-]]
[INFO ] 2019-04-14 14:23:59.926 [http-nio-8080-exec-10] TransactionContoller - [[1,123456,123456789,147852,147852369,963852,INR,2019-03-27 15:25:27.846,12000.0,SER,IND,false, -,-], [2,123456,123456789,147852,147852369,963852,INR,2019-03-27 15:52:48.838,12000.0,SER,IND,false, -,-], [3,123456,123456789,147852,147852369,963852,INR,2019-03-27 15:54:59.471,12000.0,SER,IND,false, -,-], [4,123456,123456789,147852,147852369,963852,INR,2019-03-30 13:54:24.137,12000.0,SER,IND,false, -,-], [5,123456,123456789,147852,147852369,963852,INR,2019-03-30 17:28:30.749,12000.0,SER,IND,false, -,-], [6,123456,123456789,147852,147852369,963852,INR,2019-04-13 11:06:55.456,12000.0,SER,IND,false, -,-], [7,123456,123456789,147852,147852369,963852,INR,2019-04-13 15:43:48.781,12000.0,SER,IND,false, -,-], [8,123456,123456789,147852,147852369,963852,INR,2019-04-13 15:47:05.712,12000.0,SER,IND,false, -,-], [9,123456,123456789,147852,147852369,963852,INR,2019-04-14 13:44:49.999,12000.0,SER,IND,false, -,-], [10,123456,123456789,147852,147852369,963852,INR,2019-04-14 13:46:27.035,12000.0,SER,IND,false, -,-]]
[INFO ] 2019-04-14 14:24:33.427 [main] FmsApplication - Starting the application...
[INFO ] 2019-04-14 14:24:33.552 [restartedMain] FmsApplication - Starting the application...
[INFO ] 2019-04-14 14:24:33.753 [restartedMain] FmsApplication - Starting FmsApplication on LAPTOP-3QD90GOJ with PID 3408 (D:\eclipse-workspace\Fms\target\classes started by hp in D:\eclipse-workspace\Fms)
[DEBUG] 2019-04-14 14:24:33.753 [restartedMain] FmsApplication - Running with Spring Boot v2.1.3.RELEASE, Spring v5.1.5.RELEASE
[INFO ] 2019-04-14 14:24:33.753 [restartedMain] FmsApplication - No active profile set, falling back to default profiles: default
[INFO ] 2019-04-14 14:24:37.755 [restartedMain] FmsApplication - Started FmsApplication in 4.199 seconds (JVM running for 4.822)
[INFO ] 2019-04-14 14:27:30.740 [restartedMain] FmsApplication - Starting the application...
[INFO ] 2019-04-14 14:27:31.790 [restartedMain] FmsApplication - Starting FmsApplication on LAPTOP-3QD90GOJ with PID 3408 (D:\eclipse-workspace\Fms\target\classes started by hp in D:\eclipse-workspace\Fms)
[DEBUG] 2019-04-14 14:27:31.790 [restartedMain] FmsApplication - Running with Spring Boot v2.1.3.RELEASE, Spring v5.1.5.RELEASE
[INFO ] 2019-04-14 14:27:31.790 [restartedMain] FmsApplication - No active profile set, falling back to default profiles: default
[INFO ] 2019-04-14 14:28:25.373 [main] FmsApplication - Starting the application...
[INFO ] 2019-04-14 14:28:25.502 [restartedMain] FmsApplication - Starting the application...
[INFO ] 2019-04-14 14:28:25.709 [restartedMain] FmsApplication - Starting FmsApplication on LAPTOP-3QD90GOJ with PID 5952 (D:\eclipse-workspace\Fms\target\classes started by hp in D:\eclipse-workspace\Fms)
[DEBUG] 2019-04-14 14:28:25.710 [restartedMain] FmsApplication - Running with Spring Boot v2.1.3.RELEASE, Spring v5.1.5.RELEASE
[INFO ] 2019-04-14 14:28:25.710 [restartedMain] FmsApplication - No active profile set, falling back to default profiles: default
[INFO ] 2019-04-14 14:28:29.862 [restartedMain] FmsApplication - Started FmsApplication in 4.356 seconds (JVM running for 5.019)
[INFO ] 2019-04-14 14:28:55.195 [main] FmsApplication - Starting the application...
[INFO ] 2019-04-14 14:28:55.330 [restartedMain] FmsApplication - Starting the application...
[INFO ] 2019-04-14 14:28:55.540 [restartedMain] FmsApplication - Starting FmsApplication on LAPTOP-3QD90GOJ with PID 21032 (D:\eclipse-workspace\Fms\target\classes started by hp in D:\eclipse-workspace\Fms)
[DEBUG] 2019-04-14 14:28:55.541 [restartedMain] FmsApplication - Running with Spring Boot v2.1.3.RELEASE, Spring v5.1.5.RELEASE
[INFO ] 2019-04-14 14:28:55.542 [restartedMain] FmsApplication - No active profile set, falling back to default profiles: default
[INFO ] 2019-04-14 14:28:59.337 [restartedMain] FmsApplication - Started FmsApplication in 4.003 seconds (JVM running for 4.674)
[INFO ] 2019-04-14 14:30:55.363 [http-nio-8080-exec-1] TransactionContoller - [[1,123456,123456789,147852,147852369,963852,INR,2019-03-27 15:25:27.846,12000.0,SER,IND,false, -,-], [2,123456,123456789,147852,147852369,963852,INR,2019-03-27 15:52:48.838,12000.0,SER,IND,false, -,-], [3,123456,123456789,147852,147852369,963852,INR,2019-03-27 15:54:59.471,12000.0,SER,IND,false, -,-], [4,123456,123456789,147852,147852369,963852,INR,2019-03-30 13:54:24.137,12000.0,SER,IND,false, -,-], [5,123456,123456789,147852,147852369,963852,INR,2019-03-30 17:28:30.749,12000.0,SER,IND,false, -,-], [6,123456,123456789,147852,147852369,963852,INR,2019-04-13 11:06:55.456,12000.0,SER,IND,false, -,-], [7,123456,123456789,147852,147852369,963852,INR,2019-04-13 15:43:48.781,12000.0,SER,IND,false, -,-], [8,123456,123456789,147852,147852369,963852,INR,2019-04-13 15:47:05.712,12000.0,SER,IND,false, -,-], [9,123456,123456789,147852,147852369,963852,INR,2019-04-14 13:44:49.999,12000.0,SER,IND,false, -,-], [10,123456,123456789,147852,147852369,963852,INR,2019-04-14 13:46:27.035,12000.0,SER,IND,false, -,-]]
[INFO ] 2019-04-14 14:30:56.661 [http-nio-8080-exec-3] TransactionContoller - [[1,123456,123456789,147852,147852369,963852,INR,2019-03-27 15:25:27.846,12000.0,SER,IND,false, -,-], [2,123456,123456789,147852,147852369,963852,INR,2019-03-27 15:52:48.838,12000.0,SER,IND,false, -,-], [3,123456,123456789,147852,147852369,963852,INR,2019-03-27 15:54:59.471,12000.0,SER,IND,false, -,-], [4,123456,123456789,147852,147852369,963852,INR,2019-03-30 13:54:24.137,12000.0,SER,IND,false, -,-], [5,123456,123456789,147852,147852369,963852,INR,2019-03-30 17:28:30.749,12000.0,SER,IND,false, -,-], [6,123456,123456789,147852,147852369,963852,INR,2019-04-13 11:06:55.456,12000.0,SER,IND,false, -,-], [7,123456,123456789,147852,147852369,963852,INR,2019-04-13 15:43:48.781,12000.0,SER,IND,false, -,-], [8,123456,123456789,147852,147852369,963852,INR,2019-04-13 15:47:05.712,12000.0,SER,IND,false, -,-], [9,123456,123456789,147852,147852369,963852,INR,2019-04-14 13:44:49.999,12000.0,SER,IND,false, -,-], [10,123456,123456789,147852,147852369,963852,INR,2019-04-14 13:46:27.035,12000.0,SER,IND,false, -,-]]
[INFO ] 2019-04-14 14:32:00.976 [http-nio-8080-exec-6] TransactionContoller - [[1,123456,123456789,147852,147852369,963852,INR,2019-03-27 15:25:27.846,12000.0,SER,IND,false, -,-], [2,123456,123456789,147852,147852369,963852,INR,2019-03-27 15:52:48.838,12000.0,SER,IND,false, -,-], [3,123456,123456789,147852,147852369,963852,INR,2019-03-27 15:54:59.471,12000.0,SER,IND,false, -,-], [4,123456,123456789,147852,147852369,963852,INR,2019-03-30 13:54:24.137,12000.0,SER,IND,false, -,-], [5,123456,123456789,147852,147852369,963852,INR,2019-03-30 17:28:30.749,12000.0,SER,IND,false, -,-], [6,123456,123456789,147852,147852369,963852,INR,2019-04-13 11:06:55.456,12000.0,SER,IND,false, -,-], [7,123456,123456789,147852,147852369,963852,INR,2019-04-13 15:43:48.781,12000.0,SER,IND,false, -,-], [8,123456,123456789,147852,147852369,963852,INR,2019-04-13 15:47:05.712,12000.0,SER,IND,false, -,-], [9,123456,123456789,147852,147852369,963852,INR,2019-04-14 13:44:49.999,12000.0,SER,IND,false, -,-], [10,123456,123456789,147852,147852369,963852,INR,2019-04-14 13:46:27.035,12000.0,SER,IND,false, -,-]]
[INFO ] 2019-04-14 14:32:50.534 [http-nio-8080-exec-7] TransactionContoller - [[1,123456,123456789,147852,147852369,963852,INR,2019-03-27 15:25:27.846,12000.0,SER,IND,false, -,-], [2,123456,123456789,147852,147852369,963852,INR,2019-03-27 15:52:48.838,12000.0,SER,IND,false, -,-], [3,123456,123456789,147852,147852369,963852,INR,2019-03-27 15:54:59.471,12000.0,SER,IND,false, -,-], [4,123456,123456789,147852,147852369,963852,INR,2019-03-30 13:54:24.137,12000.0,SER,IND,false, -,-], [5,123456,123456789,147852,147852369,963852,INR,2019-03-30 17:28:30.749,12000.0,SER,IND,false, -,-], [6,123456,123456789,147852,147852369,963852,INR,2019-04-13 11:06:55.456,12000.0,SER,IND,false, -,-], [7,123456,123456789,147852,147852369,963852,INR,2019-04-13 15:43:48.781,12000.0,SER,IND,false, -,-], [8,123456,123456789,147852,147852369,963852,INR,2019-04-13 15:47:05.712,12000.0,SER,IND,false, -,-], [9,123456,123456789,147852,147852369,963852,INR,2019-04-14 13:44:49.999,12000.0,SER,IND,false, -,-], [10,123456,123456789,147852,147852369,963852,INR,2019-04-14 13:46:27.035,12000.0,SER,IND,false, -,-]]
[INFO ] 2019-04-14 14:35:44.958 [restartedMain] FmsApplication - Starting the application...
[INFO ] 2019-04-14 14:35:44.989 [restartedMain] FmsApplication - Starting FmsApplication on LAPTOP-3QD90GOJ with PID 21032 (D:\eclipse-workspace\Fms\target\classes started by hp in D:\eclipse-workspace\Fms)
[DEBUG] 2019-04-14 14:35:44.989 [restartedMain] FmsApplication - Running with Spring Boot v2.1.3.RELEASE, Spring v5.1.5.RELEASE
[INFO ] 2019-04-14 14:35:44.989 [restartedMain] FmsApplication - No active profile set, falling back to default profiles: default
[INFO ] 2019-04-14 14:35:45.698 [restartedMain] FmsApplication - Started FmsApplication in 0.738 seconds (JVM running for 411.036)
[INFO ] 2019-04-14 14:35:56.553 [main] FmsApplication - Starting the application...
[INFO ] 2019-04-14 14:35:56.683 [restartedMain] FmsApplication - Starting the application...
[INFO ] 2019-04-14 14:35:56.897 [restartedMain] FmsApplication - Starting FmsApplication on LAPTOP-3QD90GOJ with PID 8964 (D:\eclipse-workspace\Fms\target\classes started by hp in D:\eclipse-workspace\Fms)
[DEBUG] 2019-04-14 14:35:56.899 [restartedMain] FmsApplication - Running with Spring Boot v2.1.3.RELEASE, Spring v5.1.5.RELEASE
[INFO ] 2019-04-14 14:35:56.899 [restartedMain] FmsApplication - No active profile set, falling back to default profiles: default
[INFO ] 2019-04-14 14:36:00.968 [restartedMain] FmsApplication - Started FmsApplication in 4.28 seconds (JVM running for 4.946)
[INFO ] 2019-04-14 14:46:12.175 [main] FmsApplication - Starting the application...
[INFO ] 2019-04-14 14:46:12.302 [restartedMain] FmsApplication - Starting the application...
[INFO ] 2019-04-14 14:46:12.498 [restartedMain] FmsApplication - Starting FmsApplication on LAPTOP-3QD90GOJ with PID 11480 (D:\eclipse-workspace\Fms\target\classes started by hp in D:\eclipse-workspace\Fms)
[DEBUG] 2019-04-14 14:46:12.499 [restartedMain] FmsApplication - Running with Spring Boot v2.1.3.RELEASE, Spring v5.1.5.RELEASE
[INFO ] 2019-04-14 14:46:12.499 [restartedMain] FmsApplication - No active profile set, falling back to default profiles: default
[INFO ] 2019-04-14 14:46:16.185 [restartedMain] FmsApplication - Started FmsApplication in 3.879 seconds (JVM running for 4.496)
[INFO ] 2019-04-14 14:46:46.362 [http-nio-8080-exec-1] TransactionContoller - [0,123456,123456789,147852,147852369,963852,INR,12000.0,SER,IND,false, -,-]
[INFO ] 2019-04-14 14:53:10.910 [restartedMain] FmsApplication - Starting the application...
[INFO ] 2019-04-14 14:53:10.941 [restartedMain] FmsApplication - Starting FmsApplication on LAPTOP-3QD90GOJ with PID 11480 (D:\eclipse-workspace\Fms\target\classes started by hp in D:\eclipse-workspace\Fms)
[DEBUG] 2019-04-14 14:53:10.941 [restartedMain] FmsApplication - Running with Spring Boot v2.1.3.RELEASE, Spring v5.1.5.RELEASE
[INFO ] 2019-04-14 14:53:10.941 [restartedMain] FmsApplication - No active profile set, falling back to default profiles: default
[INFO ] 2019-04-14 14:53:11.830 [restartedMain] FmsApplication - Started FmsApplication in 0.917 seconds (JVM running for 420.141)
[INFO ] 2019-04-14 15:51:21.842 [http-nio-8080-exec-2] TransactionContoller - [[1,123456,123456789,147852,147852369,963852,INR,2019-03-27 15:25:27.846,12000.0,SER,IND,false, -,-], [2,123456,123456789,147852,147852369,963852,INR,2019-03-27 15:52:48.838,12000.0,SER,IND,false, -,-], [3,123456,123456789,147852,147852369,963852,INR,2019-03-27 15:54:59.471,12000.0,SER,IND,false, -,-], [4,123456,123456789,147852,147852369,963852,INR,2019-03-30 13:54:24.137,12000.0,SER,IND,false, -,-], [5,123456,123456789,147852,147852369,963852,INR,2019-03-30 17:28:30.749,12000.0,SER,IND,false, -,-], [6,123456,123456789,147852,147852369,963852,INR,2019-04-13 11:06:55.456,12000.0,SER,IND,false, -,-], [7,123456,123456789,147852,147852369,963852,INR,2019-04-13 15:43:48.781,12000.0,SER,IND,false, -,-], [8,123456,123456789,147852,147852369,963852,INR,2019-04-13 15:47:05.712,12000.0,SER,IND,false, -,-], [9,123456,123456789,147852,147852369,963852,INR,2019-04-14 13:44:49.999,12000.0,SER,IND,false, -,-], [10,123456,123456789,147852,147852369,963852,INR,2019-04-14 13:46:27.035,12000.0,SER,IND,false, -,-], [11,123456,123456789,147852,147852369,963852,INR,2019-04-14 14:46:46.411,12000.0,SER,IND,false, -,-]]
[INFO ] 2019-04-14 15:51:51.170 [restartedMain] FmsApplication - Starting the application...
[INFO ] 2019-04-14 15:51:51.255 [restartedMain] FmsApplication - Starting FmsApplication on LAPTOP-3QD90GOJ with PID 11480 (D:\eclipse-workspace\Fms\target\classes started by hp in D:\eclipse-workspace\Fms)
[DEBUG] 2019-04-14 15:51:51.255 [restartedMain] FmsApplication - Running with Spring Boot v2.1.3.RELEASE, Spring v5.1.5.RELEASE
[INFO ] 2019-04-14 15:51:51.255 [restartedMain] FmsApplication - No active profile set, falling back to default profiles: default
[INFO ] 2019-04-14 15:51:52.019 [restartedMain] FmsApplication - Started FmsApplication in 0.835 seconds (JVM running for 3940.337)
[INFO ] 2019-04-14 16:14:51.179 [restartedMain] FmsApplication - Starting the application...
[INFO ] 2019-04-14 16:14:51.231 [restartedMain] FmsApplication - Starting FmsApplication on LAPTOP-3QD90GOJ with PID 11480 (D:\eclipse-workspace\Fms\target\classes started by hp in D:\eclipse-workspace\Fms)
[DEBUG] 2019-04-14 16:14:51.231 [restartedMain] FmsApplication - Running with Spring Boot v2.1.3.RELEASE, Spring v5.1.5.RELEASE
[INFO ] 2019-04-14 16:14:51.232 [restartedMain] FmsApplication - No active profile set, falling back to default profiles: default
[INFO ] 2019-04-14 16:14:52.398 [restartedMain] FmsApplication - Started FmsApplication in 1.214 seconds (JVM running for 5320.716)
[INFO ] 2019-04-14 16:22:37.884 [restartedMain] FmsApplication - Starting the application...
[INFO ] 2019-04-14 16:22:37.919 [restartedMain] FmsApplication - Starting FmsApplication on LAPTOP-3QD90GOJ with PID 11480 (D:\eclipse-workspace\Fms\target\classes started by hp in D:\eclipse-workspace\Fms)
[DEBUG] 2019-04-14 16:22:37.919 [restartedMain] FmsApplication - Running with Spring Boot v2.1.3.RELEASE, Spring v5.1.5.RELEASE
[INFO ] 2019-04-14 16:22:37.919 [restartedMain] FmsApplication - No active profile set, falling back to default profiles: default
[INFO ] 2019-04-14 16:22:38.916 [restartedMain] FmsApplication - Started FmsApplication in 1.027 seconds (JVM running for 5787.233)
[INFO ] 2019-04-14 17:12:14.911 [restartedMain] FmsApplication - Starting the application...
[INFO ] 2019-04-14 17:12:14.945 [restartedMain] FmsApplication - Starting FmsApplication on LAPTOP-3QD90GOJ with PID 11480 (D:\eclipse-workspace\Fms\target\classes started by hp in D:\eclipse-workspace\Fms)
[DEBUG] 2019-04-14 17:12:14.946 [restartedMain] FmsApplication - Running with Spring Boot v2.1.3.RELEASE, Spring v5.1.5.RELEASE
[INFO ] 2019-04-14 17:12:14.946 [restartedMain] FmsApplication - No active profile set, falling back to default profiles: default
[INFO ] 2019-04-14 17:12:15.832 [restartedMain] FmsApplication - Started FmsApplication in 0.917 seconds (JVM running for 8764.15)
[INFO ] 2019-04-14 17:28:48.354 [http-nio-8080-exec-2] TransactionContoller - [0,123456,123456789,147852,147852369,963852,INR,12000.0,SER,IND,false, -,-]
[INFO ] 2019-04-14 17:39:29.294 [main] FmsApplication - Starting the application...
[INFO ] 2019-04-14 17:39:29.454 [restartedMain] FmsApplication - Starting the application...
[INFO ] 2019-04-14 17:39:29.731 [restartedMain] FmsApplication - Starting FmsApplication on LAPTOP-3QD90GOJ with PID 21500 (D:\eclipse-workspace\Fms\target\classes started by hp in D:\eclipse-workspace\Fms)
[DEBUG] 2019-04-14 17:39:29.731 [restartedMain] FmsApplication - Running with Spring Boot v2.1.3.RELEASE, Spring v5.1.5.RELEASE
[INFO ] 2019-04-14 17:39:29.732 [restartedMain] FmsApplication - No active profile set, falling back to default profiles: default
[INFO ] 2019-04-14 17:39:35.564 [restartedMain] FmsApplication - Started FmsApplication in 6.105 seconds (JVM running for 6.941)
[INFO ] 2019-04-14 17:39:59.117 [http-nio-8080-exec-1] TransactionContoller - [0,123456,123456789,147852,147852369,963852,INR,12000.0,SER,IND,false, -,-]
[INFO ] 2019-04-14 17:40:03.795 [http-nio-8080-exec-3] TransactionContoller - [[1,123456,123456789,147852,147852369,963852,INR,2019-03-27 15:25:27.846,12000.0,SER,IND,false, -,-], [2,123456,123456789,147852,147852369,963852,INR,2019-03-27 15:52:48.838,12000.0,SER,IND,false, -,-], [3,123456,123456789,147852,147852369,963852,INR,2019-03-27 15:54:59.471,12000.0,SER,IND,false, -,-], [4,123456,123456789,147852,147852369,963852,INR,2019-03-30 13:54:24.137,12000.0,SER,IND,false, -,-], [5,123456,123456789,147852,147852369,963852,INR,2019-03-30 17:28:30.749,12000.0,SER,IND,false, -,-], [6,123456,123456789,147852,147852369,963852,INR,2019-04-13 11:06:55.456,12000.0,SER,IND,false, -,-], [7,123456,123456789,147852,147852369,963852,INR,2019-04-13 15:43:48.781,12000.0,SER,IND,false, -,-], [8,123456,123456789,147852,147852369,963852,INR,2019-04-13 15:47:05.712,12000.0,SER,IND,false, -,-], [9,123456,123456789,147852,147852369,963852,INR,2019-04-14 13:44:49.999,12000.0,SER,IND,false, -,-], [10,123456,123456789,147852,147852369,963852,INR,2019-04-14 13:46:27.035,12000.0,SER,IND,false, -,-], [11,123456,123456789,147852,147852369,963852,INR,2019-04-14 14:46:46.411,12000.0,SER,IND,false, -,-], [12,123456,123456789,147852,147852369,963852,INR,2019-04-14 17:28:48.376,12000.0,SER,IND,false, -,-], [13,123456,123456789,147852,147852369,963852,INR,2019-04-14 17:39:59.18,12000.0,SER,IND,false, -,-]]
[INFO ] 2019-04-14 17:56:08.507 [restartedMain] FmsApplication - Starting the application...
[INFO ] 2019-04-14 17:56:09.554 [restartedMain] FmsApplication - Starting FmsApplication on LAPTOP-3QD90GOJ with PID 21500 (D:\eclipse-workspace\Fms\target\classes started by hp in D:\eclipse-workspace\Fms)
[DEBUG] 2019-04-14 17:56:09.555 [restartedMain] FmsApplication - Running with Spring Boot v2.1.3.RELEASE, Spring v5.1.5.RELEASE
[INFO ] 2019-04-14 17:56:09.557 [restartedMain] FmsApplication - No active profile set, falling back to default profiles: default
[INFO ] 2019-04-14 17:56:10.386 [restartedMain] FmsApplication - Started FmsApplication in 1.875 seconds (JVM running for 1001.763)
[INFO ] 2019-04-14 17:56:22.044 [http-nio-8080-exec-2] TransactionContoller - [0,123456,123456789,147852,147852369,963852,INR,12000.0,SER,IND,false, -,-]
[INFO ] 2019-04-14 17:59:12.596 [http-nio-8080-exec-5] TransactionContoller - [0,123456,123456789,147852,147852369,963852,INR,12000.0,SER,IND,false, -,-]
[INFO ] 2019-04-14 18:02:01.927 [http-nio-8080-exec-8] TransactionContoller - [0,123456,123456789,147852,147852369,963852,INR,12000.0,SER,IND,false, -,-]
[INFO ] 2019-04-14 18:14:17.369 [http-nio-8080-exec-10] TransactionContoller - [[1,123456,123456789,147852,147852369,963852,INR,2019-03-27 15:25:27.846,12000.0,SER,IND,false, -,-], [2,123456,123456789,147852,147852369,963852,INR,2019-03-27 15:52:48.838,12000.0,SER,IND,false, -,-], [3,123456,123456789,147852,147852369,963852,INR,2019-03-27 15:54:59.471,12000.0,SER,IND,false, -,-], [4,123456,123456789,147852,147852369,963852,INR,2019-03-30 13:54:24.137,12000.0,SER,IND,false, -,-], [5,123456,123456789,147852,147852369,963852,INR,2019-03-30 17:28:30.749,12000.0,SER,IND,false, -,-], [6,123456,123456789,147852,147852369,963852,INR,2019-04-13 11:06:55.456,12000.0,SER,IND,false, -,-], [7,123456,123456789,147852,147852369,963852,INR,2019-04-13 15:43:48.781,12000.0,SER,IND,false, -,-], [8,123456,123456789,147852,147852369,963852,INR,2019-04-13 15:47:05.712,12000.0,SER,IND,false, -,-], [9,123456,123456789,147852,147852369,963852,INR,2019-04-14 13:44:49.999,12000.0,SER,IND,false, -,-], [10,123456,123456789,147852,147852369,963852,INR,2019-04-14 13:46:27.035,12000.0,SER,IND,false, -,-], [11,123456,123456789,147852,147852369,963852,INR,2019-04-14 14:46:46.411,12000.0,SER,IND,false, -,-], [12,123456,123456789,147852,147852369,963852,INR,2019-04-14 17:28:48.376,12000.0,SER,IND,false, -,-], [13,123456,123456789,147852,147852369,963852,INR,2019-04-14 17:39:59.18,12000.0,SER,IND,false, -,-], [14,123456,123456789,147852,147852369,963852,INR,2019-04-14 17:56:22.06,12000.0,SER,IND,false, -,-], [15,123456,123456789,147852,147852369,963852,INR,2019-04-14 17:59:12.599,12000.0,SER,IND,false, -,-], [16,123456,123456789,147852,147852369,963852,INR,2019-04-14 18:02:01.93,12000.0,SER,IND,false, -,-]]
