[INFO ] 2019-04-13 19:19:55.527 [main] FMS_ProjectApplication - Starting the application... 
[INFO ] 2019-04-13 19:19:56.087 [restartedMain] FMS_ProjectApplication - Starting the application... 
[INFO ] 2019-04-13 19:19:56.385 [restartedMain] FMS_ProjectApplication - Starting FMS_ProjectApplication on LAPTOP-5T2MNTJ3 with PID 20060 (D:\Eclipse-Workspace\mini-project\target\classes started by Divya Bhandari in D:\Eclipse-Workspace\mini-project) 
[DEBUG] 2019-04-13 19:19:56.385 [restartedMain] FMS_ProjectApplication - Running with Spring Boot v2.1.3.RELEASE, Spring v5.1.5.RELEASE 
[INFO ] 2019-04-13 19:19:56.385 [restartedMain] FMS_ProjectApplication - No active profile set, falling back to default profiles: default 
[INFO ] 2019-04-14 11:19:55.748 [main] MiniProjectApplicationTests - Starting MiniProjectApplicationTests on C05L0117 with PID 4852 (started by Administrator in E:\mini-project) 
[DEBUG] 2019-04-14 11:19:55.749 [main] MiniProjectApplicationTests - Running with Spring Boot v2.1.3.RELEASE, Spring v5.1.5.RELEASE 
[INFO ] 2019-04-14 11:19:55.749 [main] MiniProjectApplicationTests - No active profile set, falling back to default profiles: default 
[INFO ] 2019-04-14 11:20:03.942 [main] MiniProjectApplicationTests - Started MiniProjectApplicationTests in 9.094 seconds (JVM running for 12.484) 
[INFO ] 2019-04-14 11:22:43.387 [main] FMS_ProjectApplication - Starting the application... 
[INFO ] 2019-04-14 11:22:43.528 [restartedMain] FMS_ProjectApplication - Starting the application... 
[INFO ] 2019-04-14 11:22:43.776 [restartedMain] FMS_ProjectApplication - Starting FMS_ProjectApplication on C05L0117 with PID 7172 (E:\mini-project\target\classes started by Administrator in E:\mini-project) 
[DEBUG] 2019-04-14 11:22:43.776 [restartedMain] FMS_ProjectApplication - Running with Spring Boot v2.1.3.RELEASE, Spring v5.1.5.RELEASE 
[INFO ] 2019-04-14 11:22:43.777 [restartedMain] FMS_ProjectApplication - No active profile set, falling back to default profiles: default 
[INFO ] 2019-04-14 11:22:48.828 [restartedMain] FMS_ProjectApplication - Started FMS_ProjectApplication in 5.296 seconds (JVM running for 5.973) 
[INFO ] 2019-04-14 11:28:59.993 [http-nio-8080-exec-1] FMS_ProjectApplication - Post Data: Transactions [Id=1, userID=1136, transactionType=NEFT, fromAccount=458120369012, fromIFSC=sd963a12d4, toAccount=410369820145, toIFSC=4s5d93a2596, amount=8525.0, tdate=Sun Apr 14 11:28:59 IST 2019, tranLocation=mumbai, loggingDate=Sun Apr 14 11:28:59 IST 2019, isFraud=Yes, fraudHandlerUserID=asd, comments=,  getUserID()=1136, getTransactionType()=NEFT, getFromAccount()=458120369012, getFromIFSC()=sd963a12d4, getToAccount()=410369820145, getToIFSC()=4s5d93a2596, getAmount()=8525.0, getTdate()=Sun Apr 14 11:28:59 IST 2019, getTransactionLocation()=mumbai, getLoggingDate()=Sun Apr 14 11:28:59 IST 2019, getIsFraud()=Yes, getFraudHandlerUserID()=asd, getComments()=, getClass()=class edu.mit.MiniProject.miniproject.Transactions, hashCode()=2129612697, toString()=edu.mit.MiniProject.miniproject.Transactions@7eef4f99] 
[INFO ] 2019-04-14 11:29:12.458 [http-nio-8080-exec-6] FMS_ProjectApplication - [Transactions [Id=1, userID=1136, transactionType=NEFT, fromAccount=458120369012, fromIFSC=sd963a12d4, toAccount=410369820145, toIFSC=4s5d93a2596, amount=8525.0, tdate=2019-04-14 11:29:00.0, tranLocation=mumbai, loggingDate=2019-04-14 11:29:00.0, isFraud=Yes, fraudHandlerUserID=asd, comments=,  getUserID()=1136, getTransactionType()=NEFT, getFromAccount()=458120369012, getFromIFSC()=sd963a12d4, getToAccount()=410369820145, getToIFSC()=4s5d93a2596, getAmount()=8525.0, getTdate()=2019-04-14 11:29:00.0, getTransactionLocation()=mumbai, getLoggingDate()=2019-04-14 11:29:00.0, getIsFraud()=Yes, getFraudHandlerUserID()=asd, getComments()=, getClass()=class edu.mit.MiniProject.miniproject.Transactions, hashCode()=1160507249, toString()=edu.mit.MiniProject.miniproject.Transactions@452bef71]] 
[INFO ] 2019-04-14 11:30:51.650 [http-nio-8080-exec-9] FMS_ProjectApplication - [Transactions [Id=1, userID=1136, transactionType=NEFT, fromAccount=458120369012, fromIFSC=sd963a12d4, toAccount=410369820145, toIFSC=4s5d93a2596, amount=8525.0, tdate=2019-04-14 11:29:00.0, tranLocation=mumbai, loggingDate=2019-04-14 11:29:00.0, isFraud=Yes, fraudHandlerUserID=asd, comments=,  getUserID()=1136, getTransactionType()=NEFT, getFromAccount()=458120369012, getFromIFSC()=sd963a12d4, getToAccount()=410369820145, getToIFSC()=4s5d93a2596, getAmount()=8525.0, getTdate()=2019-04-14 11:29:00.0, getTransactionLocation()=mumbai, getLoggingDate()=2019-04-14 11:29:00.0, getIsFraud()=Yes, getFraudHandlerUserID()=asd, getComments()=, getClass()=class edu.mit.MiniProject.miniproject.Transactions, hashCode()=1121036050, toString()=edu.mit.MiniProject.miniproject.Transactions@42d1a712]] 
[INFO ] 2019-04-14 11:31:06.027 [http-nio-8080-exec-4] FMS_ProjectApplication - Post Data: Transactions [Id=2, userID=1536, transactionType=Online, fromAccount=458120364712, fromIFSC=sd963a1d64, toAccount=410367420145, toIFSC=4s5d93a3996, amount=15000.0, tdate=Sun Apr 14 11:31:06 IST 2019, tranLocation=Pune, loggingDate=Sun Apr 14 11:31:06 IST 2019, isFraud=No, fraudHandlerUserID=erd, comments=,  getUserID()=1536, getTransactionType()=Online, getFromAccount()=458120364712, getFromIFSC()=sd963a1d64, getToAccount()=410367420145, getToIFSC()=4s5d93a3996, getAmount()=15000.0, getTdate()=Sun Apr 14 11:31:06 IST 2019, getTransactionLocation()=Pune, getLoggingDate()=Sun Apr 14 11:31:06 IST 2019, getIsFraud()=No, getFraudHandlerUserID()=erd, getComments()=, getClass()=class edu.mit.MiniProject.miniproject.Transactions, hashCode()=1052918342, toString()=edu.mit.MiniProject.miniproject.Transactions@3ec24246] 
[INFO ] 2019-04-14 11:33:37.987 [restartedMain] FMS_ProjectApplication - Starting the application... 
[INFO ] 2019-04-14 11:33:38.022 [restartedMain] FMS_ProjectApplication - Starting FMS_ProjectApplication on C05L0117 with PID 7172 (E:\mini-project\target\classes started by Administrator in E:\mini-project) 
[DEBUG] 2019-04-14 11:33:38.023 [restartedMain] FMS_ProjectApplication - Running with Spring Boot v2.1.3.RELEASE, Spring v5.1.5.RELEASE 
[INFO ] 2019-04-14 11:33:38.023 [restartedMain] FMS_ProjectApplication - No active profile set, falling back to default profiles: default 
[INFO ] 2019-04-14 11:33:39.550 [restartedMain] FMS_ProjectApplication - Started FMS_ProjectApplication in 1.56 seconds (JVM running for 656.693) 
[INFO ] 2019-04-14 11:33:52.497 [http-nio-8080-exec-2] FMS_ProjectApplication - Get Data: [Transactions [Id=1, userID=1136, transactionType=NEFT, fromAccount=458120369012, fromIFSC=sd963a12d4, toAccount=410369820145, toIFSC=4s5d93a2596, amount=8525.0, tdate=2019-04-14 11:29:00.0, tranLocation=mumbai, loggingDate=2019-04-14 11:29:00.0, isFraud=Yes, fraudHandlerUserID=asd, comments=,  getUserID()=1136, getTransactionType()=NEFT, getFromAccount()=458120369012, getFromIFSC()=sd963a12d4, getToAccount()=410369820145, getToIFSC()=4s5d93a2596, getAmount()=8525.0, getTdate()=2019-04-14 11:29:00.0, getTransactionLocation()=mumbai, getLoggingDate()=2019-04-14 11:29:00.0, getIsFraud()=Yes, getFraudHandlerUserID()=asd, getComments()=, getClass()=class edu.mit.MiniProject.miniproject.Transactions, hashCode()=144613553, toString()=edu.mit.MiniProject.miniproject.Transactions@89ea0b1], Transactions [Id=2, userID=1536, transactionType=Online, fromAccount=458120364712, fromIFSC=sd963a1d64, toAccount=410367420145, toIFSC=4s5d93a3996, amount=15000.0, tdate=2019-04-14 11:31:06.0, tranLocation=Pune, loggingDate=2019-04-14 11:31:06.0, isFraud=No, fraudHandlerUserID=erd, comments=,  getUserID()=1536, getTransactionType()=Online, getFromAccount()=458120364712, getFromIFSC()=sd963a1d64, getToAccount()=410367420145, getToIFSC()=4s5d93a3996, getAmount()=15000.0, getTdate()=2019-04-14 11:31:06.0, getTransactionLocation()=Pune, getLoggingDate()=2019-04-14 11:31:06.0, getIsFraud()=No, getFraudHandlerUserID()=erd, getComments()=, getClass()=class edu.mit.MiniProject.miniproject.Transactions, hashCode()=1270819111, toString()=edu.mit.MiniProject.miniproject.Transactions@4bbf2927]] 
[INFO ] 2019-04-14 13:02:23.405 [restartedMain] FMS_ProjectApplication - Starting the application... 
[INFO ] 2019-04-14 13:02:24.094 [restartedMain] FMS_ProjectApplication - Starting FMS_ProjectApplication on C05L0117 with PID 7172 (E:\mini-project\target\classes started by Administrator in E:\mini-project) 
[DEBUG] 2019-04-14 13:02:24.094 [restartedMain] FMS_ProjectApplication - Running with Spring Boot v2.1.3.RELEASE, Spring v5.1.5.RELEASE 
[INFO ] 2019-04-14 13:02:24.094 [restartedMain] FMS_ProjectApplication - No active profile set, falling back to default profiles: default 
[INFO ] 2019-04-14 13:02:26.964 [restartedMain] FMS_ProjectApplication - Started FMS_ProjectApplication in 3.473 seconds (JVM running for 5983.752) 
[INFO ] 2019-04-14 13:03:18.133 [main] MiniProjectApplicationTests - Starting MiniProjectApplicationTests on C05L0117 with PID 6644 (started by Administrator in E:\mini-project) 
[DEBUG] 2019-04-14 13:03:18.133 [main] MiniProjectApplicationTests - Running with Spring Boot v2.1.3.RELEASE, Spring v5.1.5.RELEASE 
[INFO ] 2019-04-14 13:03:18.134 [main] MiniProjectApplicationTests - No active profile set, falling back to default profiles: default 
[INFO ] 2019-04-14 13:03:25.093 [main] MiniProjectApplicationTests - Started MiniProjectApplicationTests in 7.319 seconds (JVM running for 8.598) 
[INFO ] 2019-04-14 13:04:06.924 [main] FMS_ProjectApplication - Starting the application... 
[INFO ] 2019-04-14 13:04:07.082 [restartedMain] FMS_ProjectApplication - Starting the application... 
[INFO ] 2019-04-14 13:04:07.514 [restartedMain] FMS_ProjectApplication - Starting FMS_ProjectApplication on C05L0117 with PID 3928 (E:\mini-project\target\classes started by Administrator in E:\mini-project) 
[DEBUG] 2019-04-14 13:04:07.514 [restartedMain] FMS_ProjectApplication - Running with Spring Boot v2.1.3.RELEASE, Spring v5.1.5.RELEASE 
[INFO ] 2019-04-14 13:04:07.515 [restartedMain] FMS_ProjectApplication - No active profile set, falling back to default profiles: default 
[INFO ] 2019-04-14 13:04:13.844 [restartedMain] FMS_ProjectApplication - Started FMS_ProjectApplication in 6.758 seconds (JVM running for 7.925) 
[INFO ] 2019-04-14 13:36:59.169 [restartedMain] FMS_ProjectApplication - Starting the application... 
[INFO ] 2019-04-14 13:36:59.241 [restartedMain] FMS_ProjectApplication - Starting FMS_ProjectApplication on C05L0117 with PID 3928 (E:\mini-project\target\classes started by Administrator in E:\mini-project) 
[DEBUG] 2019-04-14 13:36:59.241 [restartedMain] FMS_ProjectApplication - Running with Spring Boot v2.1.3.RELEASE, Spring v5.1.5.RELEASE 
[INFO ] 2019-04-14 13:36:59.241 [restartedMain] FMS_ProjectApplication - No active profile set, falling back to default profiles: default 
[INFO ] 2019-04-14 14:01:36.694 [main] FMS_ProjectApplication - Starting the application... 
[INFO ] 2019-04-14 14:01:37.428 [restartedMain] FMS_ProjectApplication - Starting the application... 
[INFO ] 2019-04-14 14:01:39.068 [restartedMain] FMS_ProjectApplication - Starting FMS_ProjectApplication on C05L0117 with PID 8780 (E:\mini-project\target\classes started by Administrator in E:\mini-project) 
[DEBUG] 2019-04-14 14:01:39.070 [restartedMain] FMS_ProjectApplication - Running with Spring Boot v2.1.3.RELEASE, Spring v5.1.5.RELEASE 
[INFO ] 2019-04-14 14:01:39.071 [restartedMain] FMS_ProjectApplication - No active profile set, falling back to default profiles: default 
[INFO ] 2019-04-14 14:02:13.726 [restartedMain] FMS_ProjectApplication - Started FMS_ProjectApplication in 36.293 seconds (JVM running for 40.367) 
[INFO ] 2019-04-14 14:03:16.869 [http-nio-8080-exec-2] FMS_ProjectApplication - Get Data: [Transactions [Id=1, userID=1136, transactionType=NEFT, fromAccount=458120369012, fromIFSC=sd963a12d4, toAccount=410369820145, toIFSC=4s5d93a2596, amount=8525.0, tdate=2019-04-14 11:29:00.0, tranLocation=mumbai, loggingDate=2019-04-14 11:29:00.0, isFraud=Yes, fraudHandlerUserID=asd, comments=,  getUserID()=1136, getTransactionType()=NEFT, getFromAccount()=458120369012, getFromIFSC()=sd963a12d4, getToAccount()=410369820145, getToIFSC()=4s5d93a2596, getAmount()=8525.0, getTdate()=2019-04-14 11:29:00.0, getTransactionLocation()=mumbai, getLoggingDate()=2019-04-14 11:29:00.0, getIsFraud()=Yes, getFraudHandlerUserID()=asd, getComments()=, getClass()=class edu.mit.MiniProject.miniproject.Transactions, hashCode()=993203640, toString()=edu.mit.MiniProject.miniproject.Transactions@3b3315b8], Transactions [Id=2, userID=1536, transactionType=Online, fromAccount=458120364712, fromIFSC=sd963a1d64, toAccount=410367420145, toIFSC=4s5d93a3996, amount=15000.0, tdate=2019-04-14 11:31:06.0, tranLocation=Pune, loggingDate=2019-04-14 11:31:06.0, isFraud=No, fraudHandlerUserID=erd, comments=,  getUserID()=1536, getTransactionType()=Online, getFromAccount()=458120364712, getFromIFSC()=sd963a1d64, getToAccount()=410367420145, getToIFSC()=4s5d93a3996, getAmount()=15000.0, getTdate()=2019-04-14 11:31:06.0, getTransactionLocation()=Pune, getLoggingDate()=2019-04-14 11:31:06.0, getIsFraud()=No, getFraudHandlerUserID()=erd, getComments()=, getClass()=class edu.mit.MiniProject.miniproject.Transactions, hashCode()=1199847563, toString()=edu.mit.MiniProject.miniproject.Transactions@4784388b]] 
[INFO ] 2019-04-14 14:04:09.704 [http-nio-8080-exec-3] FMS_ProjectApplication - Post Data: Transactions [Id=3, userID=781536, transactionType=Online, fromAccount=458120364712, fromIFSC=sd963a1d64, toAccount=410367420145, toIFSC=4s5d93a3996, amount=15000.0, tdate=Sun Apr 14 14:04:09 IST 2019, tranLocation=Pune, loggingDate=Sun Apr 14 14:04:09 IST 2019, isFraud=No, fraudHandlerUserID=erd, comments=,  getUserID()=781536, getTransactionType()=Online, getFromAccount()=458120364712, getFromIFSC()=sd963a1d64, getToAccount()=410367420145, getToIFSC()=4s5d93a3996, getAmount()=15000.0, getTdate()=Sun Apr 14 14:04:09 IST 2019, getTransactionLocation()=Pune, getLoggingDate()=Sun Apr 14 14:04:09 IST 2019, getIsFraud()=No, getFraudHandlerUserID()=erd, getComments()=, getClass()=class edu.mit.MiniProject.miniproject.Transactions, hashCode()=1575902259, toString()=edu.mit.MiniProject.miniproject.Transactions@5dee5c33] 
[INFO ] 2019-04-14 14:42:35.386 [restartedMain] FMS_ProjectApplication - Starting the application... 
[INFO ] 2019-04-14 14:42:35.425 [restartedMain] FMS_ProjectApplication - Starting FMS_ProjectApplication on C05L0117 with PID 8780 (E:\mini-project\target\classes started by Administrator in E:\mini-project) 
[DEBUG] 2019-04-14 14:42:35.426 [restartedMain] FMS_ProjectApplication - Running with Spring Boot v2.1.3.RELEASE, Spring v5.1.5.RELEASE 
[INFO ] 2019-04-14 14:42:35.426 [restartedMain] FMS_ProjectApplication - No active profile set, falling back to default profiles: default 
[INFO ] 2019-04-14 14:42:36.679 [restartedMain] FMS_ProjectApplication - Started FMS_ProjectApplication in 1.29 seconds (JVM running for 2463.127) 
[INFO ] 2019-04-14 14:43:02.314 [restartedMain] FMS_ProjectApplication - Starting the application... 
[INFO ] 2019-04-14 14:47:07.805 [restartedMain] FMS_ProjectApplication - Starting FMS_ProjectApplication on C05L0117 with PID 8780 (E:\mini-project\target\classes started by Administrator in E:\mini-project) 
[DEBUG] 2019-04-14 14:47:07.805 [restartedMain] FMS_ProjectApplication - Running with Spring Boot v2.1.3.RELEASE, Spring v5.1.5.RELEASE 
[INFO ] 2019-04-14 14:47:07.805 [restartedMain] FMS_ProjectApplication - No active profile set, falling back to default profiles: default 
[INFO ] 2019-04-14 14:47:08.693 [restartedMain] FMS_ProjectApplication - Started FMS_ProjectApplication in 0.929 seconds (JVM running for 2735.112) 
[INFO ] 2019-04-14 16:14:31.043 [restartedMain] FMS_ProjectApplication - Starting the application... 
[INFO ] 2019-04-14 16:14:31.872 [restartedMain] FMS_ProjectApplication - Starting FMS_ProjectApplication on C05L0117 with PID 8780 (E:\mini-project\target\classes started by Administrator in E:\mini-project) 
[DEBUG] 2019-04-14 16:14:31.872 [restartedMain] FMS_ProjectApplication - Running with Spring Boot v2.1.3.RELEASE, Spring v5.1.5.RELEASE 
[INFO ] 2019-04-14 16:14:31.873 [restartedMain] FMS_ProjectApplication - No active profile set, falling back to default profiles: default 
[INFO ] 2019-04-14 16:14:39.195 [restartedMain] FMS_ProjectApplication - Started FMS_ProjectApplication in 8.023 seconds (JVM running for 7985.224) 
[INFO ] 2019-04-14 16:17:02.051 [restartedMain] FMS_ProjectApplication - Starting the application... 
[INFO ] 2019-04-14 16:17:02.126 [restartedMain] FMS_ProjectApplication - Starting FMS_ProjectApplication on C05L0117 with PID 8780 (E:\mini-project\target\classes started by Administrator in E:\mini-project)
[DEBUG] 2019-04-14 16:17:02.126 [restartedMain] FMS_ProjectApplication - Running with Spring Boot v2.1.3.RELEASE, Spring v5.1.5.RELEASE
[INFO ] 2019-04-14 16:17:02.126 [restartedMain] FMS_ProjectApplication - No active profile set, falling back to default profiles: default
[INFO ] 2019-04-14 16:17:03.284 [restartedMain] FMS_ProjectApplication - Started FMS_ProjectApplication in 1.214 seconds (JVM running for 8129.297)
[INFO ] 2019-04-14 16:26:22.115 [main] MiniProjectApplicationTests - Starting MiniProjectApplicationTests on C05L0117 with PID 8300 (started by Administrator in E:\mini-project)
[DEBUG] 2019-04-14 16:26:22.117 [main] MiniProjectApplicationTests - Running with Spring Boot v2.1.3.RELEASE, Spring v5.1.5.RELEASE
[INFO ] 2019-04-14 16:26:22.119 [main] MiniProjectApplicationTests - No active profile set, falling back to default profiles: default
[INFO ] 2019-04-14 16:27:13.475 [main] MiniProjectApplicationTests - Started MiniProjectApplicationTests in 59.143 seconds (JVM running for 81.87)
[INFO ] 2019-04-14 16:27:38.017 [main] MiniProjectApplicationTests - Starting MiniProjectApplicationTests on C05L0117 with PID 1760 (started by Administrator in E:\mini-project)
[DEBUG] 2019-04-14 16:27:38.018 [main] MiniProjectApplicationTests - Running with Spring Boot v2.1.3.RELEASE, Spring v5.1.5.RELEASE
[INFO ] 2019-04-14 16:27:38.019 [main] MiniProjectApplicationTests - No active profile set, falling back to default profiles: default
[INFO ] 2019-04-14 16:27:44.285 [main] MiniProjectApplicationTests - Started MiniProjectApplicationTests in 6.521 seconds (JVM running for 7.551)
[INFO ] 2019-04-14 16:28:23.115 [main] FMS_ProjectApplication - Starting the application...
[INFO ] 2019-04-14 16:28:23.266 [restartedMain] FMS_ProjectApplication - Starting the application...
[INFO ] 2019-04-14 16:28:23.609 [restartedMain] FMS_ProjectApplication - Starting FMS_ProjectApplication on C05L0117 with PID 5736 (E:\mini-project\target\classes started by Administrator in E:\mini-project)
[DEBUG] 2019-04-14 16:28:23.610 [restartedMain] FMS_ProjectApplication - Running with Spring Boot v2.1.3.RELEASE, Spring v5.1.5.RELEASE
[INFO ] 2019-04-14 16:28:23.610 [restartedMain] FMS_ProjectApplication - No active profile set, falling back to default profiles: default
[INFO ] 2019-04-14 16:28:31.333 [restartedMain] FMS_ProjectApplication - Started FMS_ProjectApplication in 8.062 seconds (JVM running for 8.95)
[INFO ] 2019-04-14 16:29:41.406 [http-nio-8080-exec-2] FMS_ProjectApplication - Post Data: Transactions [Id=4, userID=781536, transactionType=Online, fromAccount=458120364712, fromIFSC=sd963a1d64, toAccount=410367420145, toIFSC=4s5d93a3996, amount=15000.0, tdate=Sun Apr 14 16:29:40 IST 2019, tranLocation=Pune, loggingDate=Sun Apr 14 16:29:40 IST 2019, isFraud=No, fraudHandlerUserID=erd, comments=,  getUserID()=781536, getTransactionType()=Online, getFromAccount()=458120364712, getFromIFSC()=sd963a1d64, getToAccount()=410367420145, getToIFSC()=4s5d93a3996, getAmount()=15000.0, getTdate()=Sun Apr 14 16:29:40 IST 2019, getTransactionLocation()=Pune, getLoggingDate()=Sun Apr 14 16:29:40 IST 2019, getIsFraud()=No, getFraudHandlerUserID()=erd, getComments()=, getClass()=class edu.mit.MiniProject.miniproject.Transactions, hashCode()=1370579023, toString()=edu.mit.MiniProject.miniproject.Transactions@51b1604f]
[INFO ] 2019-04-14 16:30:41.287 [http-nio-8080-exec-3] FMS_ProjectApplication - Post Data: Transactions [Id=5, userID=781536, transactionType=Online, fromAccount=458120364712, fromIFSC=sd963a1d64, toAccount=410367420145, toIFSC=4s5d93a3996, amount=15000.0, tdate=Sun Apr 14 16:30:41 IST 2019, tranLocation=Pune, loggingDate=Sun Apr 14 16:30:41 IST 2019, isFraud=No, fraudHandlerUserID=erd, comments=,  getUserID()=781536, getTransactionType()=Online, getFromAccount()=458120364712, getFromIFSC()=sd963a1d64, getToAccount()=410367420145, getToIFSC()=4s5d93a3996, getAmount()=15000.0, getTdate()=Sun Apr 14 16:30:41 IST 2019, getTransactionLocation()=Pune, getLoggingDate()=Sun Apr 14 16:30:41 IST 2019, getIsFraud()=No, getFraudHandlerUserID()=erd, getComments()=, getClass()=class edu.mit.MiniProject.miniproject.Transactions, hashCode()=1122274758, toString()=edu.mit.MiniProject.miniproject.Transactions@42e48dc6]
[INFO ] 2019-04-14 16:30:43.996 [http-nio-8080-exec-4] FMS_ProjectApplication - Post Data: Transactions [Id=6, userID=781536, transactionType=Online, fromAccount=458120364712, fromIFSC=sd963a1d64, toAccount=410367420145, toIFSC=4s5d93a3996, amount=15000.0, tdate=Sun Apr 14 16:30:43 IST 2019, tranLocation=Pune, loggingDate=Sun Apr 14 16:30:43 IST 2019, isFraud=No, fraudHandlerUserID=erd, comments=,  getUserID()=781536, getTransactionType()=Online, getFromAccount()=458120364712, getFromIFSC()=sd963a1d64, getToAccount()=410367420145, getToIFSC()=4s5d93a3996, getAmount()=15000.0, getTdate()=Sun Apr 14 16:30:43 IST 2019, getTransactionLocation()=Pune, getLoggingDate()=Sun Apr 14 16:30:43 IST 2019, getIsFraud()=No, getFraudHandlerUserID()=erd, getComments()=, getClass()=class edu.mit.MiniProject.miniproject.Transactions, hashCode()=656703476, toString()=edu.mit.MiniProject.miniproject.Transactions@27247ff4]
[INFO ] 2019-04-14 16:56:29.353 [main] FMS_ProjectApplication - Starting the application...
[INFO ] 2019-04-14 16:56:29.830 [restartedMain] FMS_ProjectApplication - Starting the application...
[INFO ] 2019-04-14 16:56:32.276 [restartedMain] FMS_ProjectApplication - Starting FMS_ProjectApplication on C05L0117 with PID 7096 (E:\mini-project\target\classes started by Administrator in E:\mini-project)
[DEBUG] 2019-04-14 16:56:32.276 [restartedMain] FMS_ProjectApplication - Running with Spring Boot v2.1.3.RELEASE, Spring v5.1.5.RELEASE
[INFO ] 2019-04-14 16:56:32.277 [restartedMain] FMS_ProjectApplication - No active profile set, falling back to default profiles: default
[INFO ] 2019-04-14 16:57:03.684 [restartedMain] FMS_ProjectApplication - Started FMS_ProjectApplication in 33.85 seconds (JVM running for 34.884)
[INFO ] 2019-04-14 16:57:51.840 [http-nio-8080-exec-7] FMS_ProjectApplication - Post Data: Transactions [Id=7, userID=781536, transactionType=Online, fromAccount=458120364712, fromIFSC=sd963a1d64, toAccount=410367420145, toIFSC=4s5d93a3996, amount=15000.0, tdate=Sun Apr 14 16:57:51 IST 2019, tranLocation=Pune, loggingDate=Sun Apr 14 16:57:51 IST 2019, isFraud=No, fraudHandlerUserID=erd, comments=,  getUserID()=781536, getTransactionType()=Online, getFromAccount()=458120364712, getFromIFSC()=sd963a1d64, getToAccount()=410367420145, getToIFSC()=4s5d93a3996, getAmount()=15000.0, getTdate()=Sun Apr 14 16:57:51 IST 2019, getTransactionLocation()=Pune, getLoggingDate()=Sun Apr 14 16:57:51 IST 2019, getIsFraud()=No, getFraudHandlerUserID()=erd, getComments()=, getClass()=class edu.mit.MiniProject.miniproject.Transactions, hashCode()=1324035788, toString()=edu.mit.MiniProject.miniproject.Transactions@4eeb2ecc]
[INFO ] 2019-04-14 17:31:45.952 [restartedMain] FMS_ProjectApplication - Starting the application...
[INFO ] 2019-04-14 17:31:46.017 [restartedMain] FMS_ProjectApplication - Starting FMS_ProjectApplication on C05L0117 with PID 7096 (E:\mini-project\target\classes started by Administrator in E:\mini-project)
[DEBUG] 2019-04-14 17:31:46.017 [restartedMain] FMS_ProjectApplication - Running with Spring Boot v2.1.3.RELEASE, Spring v5.1.5.RELEASE
[INFO ] 2019-04-14 17:31:46.017 [restartedMain] FMS_ProjectApplication - No active profile set, falling back to default profiles: default
[INFO ] 2019-04-14 17:31:47.178 [restartedMain] FMS_ProjectApplication - Started FMS_ProjectApplication in 1.214 seconds (JVM running for 2118.369)
[INFO ] 2019-04-14 17:32:16.881 [restartedMain] FMS_ProjectApplication - Starting the application...
[INFO ] 2019-04-14 17:32:28.499 [restartedMain] FMS_ProjectApplication - Starting FMS_ProjectApplication on C05L0117 with PID 7096 (E:\mini-project\target\classes started by Administrator in E:\mini-project)
[DEBUG] 2019-04-14 17:32:28.499 [restartedMain] FMS_ProjectApplication - Running with Spring Boot v2.1.3.RELEASE, Spring v5.1.5.RELEASE
[INFO ] 2019-04-14 17:32:28.499 [restartedMain] FMS_ProjectApplication - No active profile set, falling back to default profiles: default
[INFO ] 2019-04-14 17:32:29.318 [restartedMain] FMS_ProjectApplication - Started FMS_ProjectApplication in 0.848 seconds (JVM running for 2160.508)
[INFO ] 2019-04-14 17:32:41.939 [main] FMS_ProjectApplication - Starting the application...
[INFO ] 2019-04-14 17:32:42.080 [restartedMain] FMS_ProjectApplication - Starting the application...
[INFO ] 2019-04-14 17:32:42.360 [restartedMain] FMS_ProjectApplication - Starting FMS_ProjectApplication on C05L0117 with PID 7556 (E:\mini-project\target\classes started by Administrator in E:\mini-project)
[DEBUG] 2019-04-14 17:32:42.360 [restartedMain] FMS_ProjectApplication - Running with Spring Boot v2.1.3.RELEASE, Spring v5.1.5.RELEASE
[INFO ] 2019-04-14 17:32:42.361 [restartedMain] FMS_ProjectApplication - No active profile set, falling back to default profiles: default
[INFO ] 2019-04-14 17:33:10.134 [restartedMain] FMS_ProjectApplication - Started FMS_ProjectApplication in 28.05 seconds (JVM running for 28.751)
