[INFO ] 2019-04-15 10:07:36.537 [main] FmsApplicationTests - Starting FmsApplicationTests on DESKTOP-47LQ4QQ with PID 7108 (started by VAIBHAV in E:\MIT\FY\Trimester3\Project\Git_project\fms_api\Fms)
[DEBUG] 2019-04-15 10:07:36.605 [main] FmsApplicationTests - Running with Spring Boot v2.1.3.RELEASE, Spring v5.1.5.RELEASE
[INFO ] 2019-04-15 10:07:36.639 [main] FmsApplicationTests - No active profile set, falling back to default profiles: default
[INFO ] 2019-04-15 10:09:14.961 [main] FmsApplicationTests - Starting FmsApplicationTests on DESKTOP-47LQ4QQ with PID 3276 (started by VAIBHAV in E:\MIT\FY\Trimester3\Project\Git_project\fms_api\Fms)
[DEBUG] 2019-04-15 10:09:14.987 [main] FmsApplicationTests - Running with Spring Boot v2.1.3.RELEASE, Spring v5.1.5.RELEASE
[INFO ] 2019-04-15 10:09:15.041 [main] FmsApplicationTests - No active profile set, falling back to default profiles: default
[INFO ] 2019-04-15 10:12:46.993 [main] FmsApplicationTests - Starting FmsApplicationTests on DESKTOP-47LQ4QQ with PID 1828 (started by VAIBHAV in E:\MIT\FY\Trimester3\Project\Git_project\fms_api\Fms)
[DEBUG] 2019-04-15 10:12:46.995 [main] FmsApplicationTests - Running with Spring Boot v2.1.3.RELEASE, Spring v5.1.5.RELEASE
[INFO ] 2019-04-15 10:12:46.997 [main] FmsApplicationTests - No active profile set, falling back to default profiles: default
[INFO ] 2019-04-15 10:19:11.625 [main] FmsApplicationTests - Starting FmsApplicationTests on DESKTOP-47LQ4QQ with PID 728 (started by VAIBHAV in E:\MIT\FY\Trimester3\Project\Git_project\fms_api\Fms)
[DEBUG] 2019-04-15 10:19:11.626 [main] FmsApplicationTests - Running with Spring Boot v2.1.3.RELEASE, Spring v5.1.5.RELEASE
[INFO ] 2019-04-15 10:19:11.627 [main] FmsApplicationTests - No active profile set, falling back to default profiles: default
[INFO ] 2019-04-15 10:19:25.947 [main] FmsApplicationTests - Started FmsApplicationTests in 14.823 seconds (JVM running for 17.294)
[INFO ] 2019-04-15 10:20:27.490 [main] FmsApplication - Starting the application...
[INFO ] 2019-04-15 10:20:27.836 [restartedMain] FmsApplication - Starting the application...
[INFO ] 2019-04-15 10:20:28.500 [restartedMain] FmsApplication - Starting FmsApplication on DESKTOP-47LQ4QQ with PID 6504 (E:\MIT\FY\Trimester3\Project\Git_project\fms_api\Fms\target\classes started by VAIBHAV in E:\MIT\FY\Trimester3\Project\Git_project\fms_api\Fms)
[DEBUG] 2019-04-15 10:20:28.501 [restartedMain] FmsApplication - Running with Spring Boot v2.1.3.RELEASE, Spring v5.1.5.RELEASE
[INFO ] 2019-04-15 10:20:28.502 [restartedMain] FmsApplication - No active profile set, falling back to default profiles: default
[INFO ] 2019-04-15 10:20:41.763 [restartedMain] FmsApplication - Started FmsApplication in 13.917 seconds (JVM running for 15.649)
[INFO ] 2019-04-15 10:22:38.375 [http-nio-8080-exec-3] TransactionContoller - []
