[INFO ] 2019-04-14 14:01:17.347 [main] App - Starting the application...
[INFO ] 2019-04-14 14:01:18.116 [restartedMain] App - Starting the application...
[INFO ] 2019-04-14 14:01:19.930 [restartedMain] App - Starting App on DESKTOP-NM4GU6D with PID 6612 (D:\Project\target\classes started by dpawa in D:\Project)
[DEBUG] 2019-04-14 14:01:19.931 [restartedMain] App - Running with Spring Boot v2.1.3.RELEASE, Spring v5.1.5.RELEASE
[INFO ] 2019-04-14 14:01:19.934 [restartedMain] App - No active profile set, falling back to default profiles: default
[INFO ] 2019-04-14 14:01:55.674 [restartedMain] App - Started App in 37.535 seconds (JVM running for 41.384)
[INFO ] 2019-04-14 14:08:16.233 [http-nio-8080-exec-2] TransactionLogger - Data: Transaction [transactionId=1, userID=devikapawar11, fromAC=10200668894, fromBankIFSC=SBI, toAC=69850085691, toBankIFSC=sdsa, currency=INR, transactionDate=1970-01-01 05:30:03.456, transactionAmount=5000, transactionType=df, transactionLocation=INDIA]
[INFO ] 2019-04-14 14:08:33.754 [restartedMain] App - Starting the application...
[INFO ] 2019-04-14 14:08:34.064 [restartedMain] App - Starting App on DESKTOP-NM4GU6D with PID 6612 (D:\Project\target\classes started by dpawa in D:\Project)
[DEBUG] 2019-04-14 14:08:34.065 [restartedMain] App - Running with Spring Boot v2.1.3.RELEASE, Spring v5.1.5.RELEASE
[INFO ] 2019-04-14 14:08:34.066 [restartedMain] App - No active profile set, falling back to default profiles: default
[INFO ] 2019-04-14 14:08:49.815 [restartedMain] App - Started App in 16.038 seconds (JVM running for 455.525)
[INFO ] 2019-04-14 14:14:29.386 [http-nio-8080-exec-9] TransactionLogger - Data: Transaction [transactionId=2, userID=devikapawar12, fromAC=10200668894, fromBankIFSC=SBI, toAC=69850085691, toBankIFSC=sdsa, currency=INR, transactionDate=1970-01-01 05:30:03.456, transactionAmount=5000, transactionType=df, transactionLocation=INDIA]
[INFO ] 2019-04-14 14:15:11.567 [http-nio-8080-exec-8] TransactionLogger - Data: [Transaction [transactionId=1, userID=devikapawar11, fromAC=10200668894, fromBankIFSC=SBI, toAC=69850085691, toBankIFSC=sdsa, currency=INR, transactionDate=1970-01-01 05:30:03.0, transactionAmount=5000, transactionType=df, transactionLocation=INDIA], Transaction [transactionId=2, userID=devikapawar12, fromAC=10200668894, fromBankIFSC=SBI, toAC=69850085691, toBankIFSC=sdsa, currency=INR, transactionDate=1970-01-01 05:30:03.0, transactionAmount=5000, transactionType=df, transactionLocation=INDIA]]
[INFO ] 2019-04-14 14:20:23.695 [restartedMain] App - Starting the application...
[INFO ] 2019-04-14 14:20:23.889 [restartedMain] App - Starting App on DESKTOP-NM4GU6D with PID 6612 (D:\Project\target\classes started by dpawa in D:\Project)
[DEBUG] 2019-04-14 14:20:23.889 [restartedMain] App - Running with Spring Boot v2.1.3.RELEASE, Spring v5.1.5.RELEASE
[INFO ] 2019-04-14 14:20:23.890 [restartedMain] App - No active profile set, falling back to default profiles: default
[INFO ] 2019-04-14 14:20:26.443 [restartedMain] App - Started App in 2.74 seconds (JVM running for 1152.153)
[INFO ] 2019-04-14 14:20:59.486 [http-nio-8080-exec-2] TransactionLogger - Data: Transaction [transactionId=3, userID=demo, fromAC=10200668894, fromBankIFSC=SBI, toAC=69850085691, toBankIFSC=sdsa, currency=INR, transactionDate=1970-01-01 05:30:03.456, transactionAmount=5000, transactionType=df, transactionLocation=INDIA]
[INFO ] 2019-04-14 14:25:27.110 [restartedMain] App - Starting the application...
[INFO ] 2019-04-14 14:25:27.191 [restartedMain] App - Starting App on DESKTOP-NM4GU6D with PID 6612 (D:\Project\target\classes started by dpawa in D:\Project)
[DEBUG] 2019-04-14 14:25:27.191 [restartedMain] App - Running with Spring Boot v2.1.3.RELEASE, Spring v5.1.5.RELEASE
[INFO ] 2019-04-14 14:25:27.191 [restartedMain] App - No active profile set, falling back to default profiles: default
[INFO ] 2019-04-14 14:25:29.524 [restartedMain] App - Started App in 2.409 seconds (JVM running for 1455.234)
[INFO ] 2019-04-14 14:25:51.029 [http-nio-8080-exec-2] TransactionLogger - Data: Transaction [transactionId=4, userID=demo1, fromAC=10200668894, fromBankIFSC=SBI, toAC=69850085691, toBankIFSC=sdsa, currency=INR, transactionDate=1970-01-01 05:30:03.456, transactionAmount=5000, transactionType=df, transactionLocation=INDIA]
