[INFO ] 2019-03-31 11:50:34.217 [main] App - Starting the application...
[INFO ] 2019-03-31 11:50:34.541 [restartedMain] App - Starting the application...
[INFO ] 2019-03-31 11:50:35.328 [restartedMain] App - Starting App on DESKTOP-NM4GU6D with PID 12180 (D:\Project\target\classes started by dpawa in D:\Project)
[DEBUG] 2019-03-31 11:50:35.329 [restartedMain] App - Running with Spring Boot v2.1.3.RELEASE, Spring v5.1.5.RELEASE
[INFO ] 2019-03-31 11:50:35.331 [restartedMain] App - No active profile set, falling back to default profiles: default
[INFO ] 2019-03-31 11:54:00.479 [main] App - Starting the application...
[INFO ] 2019-03-31 11:54:00.878 [restartedMain] App - Starting the application...
[INFO ] 2019-03-31 11:54:01.636 [restartedMain] App - Starting App on DESKTOP-NM4GU6D with PID 6672 (D:\Project\target\classes started by dpawa in D:\Project)
[DEBUG] 2019-03-31 11:54:01.638 [restartedMain] App - Running with Spring Boot v2.1.3.RELEASE, Spring v5.1.5.RELEASE
[INFO ] 2019-03-31 11:54:01.639 [restartedMain] App - No active profile set, falling back to default profiles: default
[INFO ] 2019-03-31 12:29:01.883 [main] App - Starting the application...
[INFO ] 2019-03-31 12:29:02.239 [restartedMain] App - Starting the application...
[INFO ] 2019-03-31 12:29:03.064 [restartedMain] App - Starting App on DESKTOP-NM4GU6D with PID 6428 (D:\Project\target\classes started by dpawa in D:\Project)
[DEBUG] 2019-03-31 12:29:03.065 [restartedMain] App - Running with Spring Boot v2.1.3.RELEASE, Spring v5.1.5.RELEASE
[INFO ] 2019-03-31 12:29:03.067 [restartedMain] App - No active profile set, falling back to default profiles: default
[INFO ] 2019-03-31 12:55:24.507 [main] App - Starting the application...
[INFO ] 2019-03-31 12:55:24.937 [restartedMain] App - Starting the application...
[INFO ] 2019-03-31 12:55:25.901 [restartedMain] App - Starting App on DESKTOP-NM4GU6D with PID 4340 (D:\Project\target\classes started by dpawa in D:\Project)
[DEBUG] 2019-03-31 12:55:25.901 [restartedMain] App - Running with Spring Boot v2.1.3.RELEASE, Spring v5.1.5.RELEASE
[INFO ] 2019-03-31 12:55:25.902 [restartedMain] App - No active profile set, falling back to default profiles: default
[INFO ] 2019-03-31 12:58:54.109 [main] App - Starting the application...
[INFO ] 2019-03-31 12:58:54.552 [restartedMain] App - Starting the application...
[INFO ] 2019-03-31 12:58:55.709 [restartedMain] App - Starting App on DESKTOP-NM4GU6D with PID 12788 (D:\Project\target\classes started by dpawa in D:\Project)
[DEBUG] 2019-03-31 12:58:55.710 [restartedMain] App - Running with Spring Boot v2.1.3.RELEASE, Spring v5.1.5.RELEASE
[INFO ] 2019-03-31 12:58:55.712 [restartedMain] App - No active profile set, falling back to default profiles: default
[INFO ] 2019-03-31 13:01:50.260 [main] App - Starting the application...
[INFO ] 2019-03-31 13:01:50.647 [restartedMain] App - Starting the application...
[INFO ] 2019-03-31 13:01:51.565 [restartedMain] App - Starting App on DESKTOP-NM4GU6D with PID 7592 (D:\Project\target\classes started by dpawa in D:\Project)
[DEBUG] 2019-03-31 13:01:51.565 [restartedMain] App - Running with Spring Boot v2.1.3.RELEASE, Spring v5.1.5.RELEASE
[INFO ] 2019-03-31 13:01:51.567 [restartedMain] App - No active profile set, falling back to default profiles: default
[INFO ] 2019-03-31 13:02:15.398 [restartedMain] App - Started App in 24.738 seconds (JVM running for 27.301)
[INFO ] 2019-03-31 13:03:30.197 [http-nio-8080-exec-4] TransactionLogger - Data: []
[INFO ] 2019-03-31 13:19:51.157 [http-nio-8080-exec-8] TransactionLogger - Data: Transaction [transactionId=1, userID=Sejal, fromAC=10200668894, fromBankIFSC=SBI, toAC=69850085691, toBankIFSC=sdsa, currency=INR, transactionDate=1970-01-01 05:30:03.456, transactionAmount=5000, transactionType=df, transactionLocation=INDIA]
[INFO ] 2019-03-31 13:22:16.046 [http-nio-8080-exec-10] TransactionLogger - Data: Transaction [transactionId=2, userID=devika, fromAC=10200668894, fromBankIFSC=SBI, toAC=69850085691, toBankIFSC=sdsa, currency=INR, transactionDate=1970-01-01 05:30:03.456, transactionAmount=5000, transactionType=df, transactionLocation=INDIA]
