[INFO ] 2019-04-14 11:12:19.630 [main] MiniProjectApplicationTests - Starting MiniProjectApplicationTests on LAPTOP-H1FFV06D with PID 6756 (started by dhkal in D:\eclipse-workspace\mini-project)
[DEBUG] 2019-04-14 11:12:19.654 [main] MiniProjectApplicationTests - Running with Spring Boot v2.1.3.RELEASE, Spring v5.1.5.RELEASE
[INFO ] 2019-04-14 11:12:19.655 [main] MiniProjectApplicationTests - No active profile set, falling back to default profiles: default
[INFO ] 2019-04-14 11:12:24.674 [main] MiniProjectApplicationTests - Started MiniProjectApplicationTests in 5.216 seconds (JVM running for 6.225)
[INFO ] 2019-04-14 11:36:27.869 [restartedMain] MiniProjectApplication - Starting MiniProjectApplication on LAPTOP-H1FFV06D with PID 12020 (D:\eclipse-workspace\mini-project\target\classes started by dhkal in D:\eclipse-workspace\mini-project)
[DEBUG] 2019-04-14 11:36:27.872 [restartedMain] MiniProjectApplication - Running with Spring Boot v2.1.3.RELEASE, Spring v5.1.5.RELEASE
[INFO ] 2019-04-14 11:36:27.872 [restartedMain] MiniProjectApplication - No active profile set, falling back to default profiles: default
[INFO ] 2019-04-14 11:36:28.789 [restartedMain] MiniProjectApplication - Started MiniProjectApplication in 0.955 seconds (JVM running for 45.263)
[INFO ] 2019-04-14 11:37:17.873 [main] MiniProjectApplicationTests - Starting MiniProjectApplicationTests on LAPTOP-H1FFV06D with PID 2260 (started by dhkal in D:\eclipse-workspace\mini-project)
[DEBUG] 2019-04-14 11:37:17.874 [main] MiniProjectApplicationTests - Running with Spring Boot v2.1.3.RELEASE, Spring v5.1.5.RELEASE
[INFO ] 2019-04-14 11:37:17.874 [main] MiniProjectApplicationTests - No active profile set, falling back to default profiles: default
[INFO ] 2019-04-14 11:37:22.052 [main] MiniProjectApplicationTests - Started MiniProjectApplicationTests in 4.347 seconds (JVM running for 5.169)
[INFO ] 2019-04-14 11:37:31.291 [main] MiniProjectApplication - Starting the application...
[INFO ] 2019-04-14 11:37:31.415 [restartedMain] MiniProjectApplication - Starting the application...
[INFO ] 2019-04-14 11:37:31.611 [restartedMain] MiniProjectApplication - Starting MiniProjectApplication on LAPTOP-H1FFV06D with PID 7792 (D:\eclipse-workspace\mini-project\target\classes started by dhkal in D:\eclipse-workspace\mini-project)
[DEBUG] 2019-04-14 11:37:31.611 [restartedMain] MiniProjectApplication - Running with Spring Boot v2.1.3.RELEASE, Spring v5.1.5.RELEASE
[INFO ] 2019-04-14 11:37:31.611 [restartedMain] MiniProjectApplication - No active profile set, falling back to default profiles: default
[INFO ] 2019-04-14 11:37:35.469 [restartedMain] MiniProjectApplication - Started MiniProjectApplication in 4.05 seconds (JVM running for 4.661)
[INFO ] 2019-04-14 11:43:37.736 [restartedMain] MiniProjectApplication - Starting the application...
[INFO ] 2019-04-14 11:43:38.866 [restartedMain] MiniProjectApplication - Starting MiniProjectApplication on LAPTOP-H1FFV06D with PID 7792 (D:\eclipse-workspace\mini-project\target\classes started by dhkal in D:\eclipse-workspace\mini-project)
[DEBUG] 2019-04-14 11:43:38.866 [restartedMain] MiniProjectApplication - Running with Spring Boot v2.1.3.RELEASE, Spring v5.1.5.RELEASE
[INFO ] 2019-04-14 11:43:38.866 [restartedMain] MiniProjectApplication - No active profile set, falling back to default profiles: default
[INFO ] 2019-04-14 11:43:40.081 [restartedMain] MiniProjectApplication - Started MiniProjectApplication in 2.341 seconds (JVM running for 369.274)
[INFO ] 2019-04-14 11:44:44.428 [main] MiniProjectApplicationTests - Starting MiniProjectApplicationTests on LAPTOP-H1FFV06D with PID 5740 (started by dhkal in D:\eclipse-workspace\mini-project)
[DEBUG] 2019-04-14 11:44:44.429 [main] MiniProjectApplicationTests - Running with Spring Boot v2.1.3.RELEASE, Spring v5.1.5.RELEASE
[INFO ] 2019-04-14 11:44:44.430 [main] MiniProjectApplicationTests - No active profile set, falling back to default profiles: default
[INFO ] 2019-04-14 11:44:50.433 [main] MiniProjectApplicationTests - Started MiniProjectApplicationTests in 6.241 seconds (JVM running for 8.337)
[INFO ] 2019-04-14 11:45:09.341 [main] MiniProjectApplication - Starting the application...
[INFO ] 2019-04-14 11:45:09.490 [restartedMain] MiniProjectApplication - Starting the application...
[INFO ] 2019-04-14 11:45:09.770 [restartedMain] MiniProjectApplication - Starting MiniProjectApplication on LAPTOP-H1FFV06D with PID 13320 (D:\eclipse-workspace\mini-project\target\classes started by dhkal in D:\eclipse-workspace\mini-project)
[DEBUG] 2019-04-14 11:45:09.771 [restartedMain] MiniProjectApplication - Running with Spring Boot v2.1.3.RELEASE, Spring v5.1.5.RELEASE
[INFO ] 2019-04-14 11:45:09.771 [restartedMain] MiniProjectApplication - No active profile set, falling back to default profiles: default
[INFO ] 2019-04-14 11:45:14.871 [restartedMain] MiniProjectApplication - Started MiniProjectApplication in 5.377 seconds (JVM running for 7.159)
[INFO ] 2019-04-14 12:00:26.931 [restartedMain] MiniProjectApplication - Starting the application...
[INFO ] 2019-04-14 12:00:26.986 [restartedMain] MiniProjectApplication - Starting MiniProjectApplication on LAPTOP-H1FFV06D with PID 13320 (D:\eclipse-workspace\mini-project\target\classes started by dhkal in D:\eclipse-workspace\mini-project)
[DEBUG] 2019-04-14 12:00:26.988 [restartedMain] MiniProjectApplication - Running with Spring Boot v2.1.3.RELEASE, Spring v5.1.5.RELEASE
[INFO ] 2019-04-14 12:00:26.988 [restartedMain] MiniProjectApplication - No active profile set, falling back to default profiles: default
[INFO ] 2019-04-14 12:00:28.222 [restartedMain] MiniProjectApplication - Started MiniProjectApplication in 1.286 seconds (JVM running for 920.511)
[INFO ] 2019-04-14 12:00:36.725 [main] MiniProjectApplication - Starting the application...
[INFO ] 2019-04-14 12:00:36.873 [restartedMain] MiniProjectApplication - Starting the application...
[INFO ] 2019-04-14 12:00:37.155 [restartedMain] MiniProjectApplication - Starting MiniProjectApplication on LAPTOP-H1FFV06D with PID 928 (D:\eclipse-workspace\mini-project\target\classes started by dhkal in D:\eclipse-workspace\mini-project)
[DEBUG] 2019-04-14 12:00:37.156 [restartedMain] MiniProjectApplication - Running with Spring Boot v2.1.3.RELEASE, Spring v5.1.5.RELEASE
[INFO ] 2019-04-14 12:00:37.156 [restartedMain] MiniProjectApplication - No active profile set, falling back to default profiles: default
[INFO ] 2019-04-14 12:00:42.249 [restartedMain] MiniProjectApplication - Started MiniProjectApplication in 5.369 seconds (JVM running for 7.12)
[INFO ] 2019-04-14 12:01:01.471 [main] MiniProjectApplication - Starting the application...
[INFO ] 2019-04-14 12:01:01.620 [restartedMain] MiniProjectApplication - Starting the application...
[INFO ] 2019-04-14 12:01:01.916 [restartedMain] MiniProjectApplication - Starting MiniProjectApplication on LAPTOP-H1FFV06D with PID 10024 (D:\eclipse-workspace\mini-project\target\classes started by dhkal in D:\eclipse-workspace\mini-project)
[DEBUG] 2019-04-14 12:01:01.916 [restartedMain] MiniProjectApplication - Running with Spring Boot v2.1.3.RELEASE, Spring v5.1.5.RELEASE
[INFO ] 2019-04-14 12:01:01.918 [restartedMain] MiniProjectApplication - No active profile set, falling back to default profiles: default
[INFO ] 2019-04-14 12:01:07.150 [restartedMain] MiniProjectApplication - Started MiniProjectApplication in 5.524 seconds (JVM running for 7.283)
[INFO ] 2019-04-14 12:02:04.945 [main] MiniProjectApplication - Starting the application...
[INFO ] 2019-04-14 12:02:05.118 [restartedMain] MiniProjectApplication - Starting the application...
[INFO ] 2019-04-14 12:02:05.414 [restartedMain] MiniProjectApplication - Starting MiniProjectApplication on LAPTOP-H1FFV06D with PID 15608 (D:\eclipse-workspace\mini-project\target\classes started by dhkal in D:\eclipse-workspace\mini-project)
[DEBUG] 2019-04-14 12:02:05.415 [restartedMain] MiniProjectApplication - Running with Spring Boot v2.1.3.RELEASE, Spring v5.1.5.RELEASE
[INFO ] 2019-04-14 12:02:05.416 [restartedMain] MiniProjectApplication - No active profile set, falling back to default profiles: default
[INFO ] 2019-04-14 12:02:10.702 [restartedMain] MiniProjectApplication - Started MiniProjectApplication in 5.576 seconds (JVM running for 7.347)
[INFO ] 2019-04-14 12:02:51.355 [restartedMain] MiniProjectApplication - Starting the application...
[INFO ] 2019-04-14 12:02:51.397 [restartedMain] MiniProjectApplication - Starting MiniProjectApplication on LAPTOP-H1FFV06D with PID 15608 (D:\eclipse-workspace\mini-project\target\classes started by dhkal in D:\eclipse-workspace\mini-project)
[DEBUG] 2019-04-14 12:02:51.399 [restartedMain] MiniProjectApplication - Running with Spring Boot v2.1.3.RELEASE, Spring v5.1.5.RELEASE
[INFO ] 2019-04-14 12:02:51.399 [restartedMain] MiniProjectApplication - No active profile set, falling back to default profiles: default
[INFO ] 2019-04-14 12:02:52.513 [restartedMain] MiniProjectApplication - Started MiniProjectApplication in 1.154 seconds (JVM running for 49.158)
[INFO ] 2019-04-14 12:03:02.828 [main] MiniProjectApplication - Starting the application...
[INFO ] 2019-04-14 12:03:02.995 [restartedMain] MiniProjectApplication - Starting the application...
[INFO ] 2019-04-14 12:03:03.317 [restartedMain] MiniProjectApplication - Starting MiniProjectApplication on LAPTOP-H1FFV06D with PID 8368 (D:\eclipse-workspace\mini-project\target\classes started by dhkal in D:\eclipse-workspace\mini-project)
[DEBUG] 2019-04-14 12:03:03.318 [restartedMain] MiniProjectApplication - Running with Spring Boot v2.1.3.RELEASE, Spring v5.1.5.RELEASE
[INFO ] 2019-04-14 12:03:03.318 [restartedMain] MiniProjectApplication - No active profile set, falling back to default profiles: default
[INFO ] 2019-04-14 12:03:08.348 [restartedMain] MiniProjectApplication - Started MiniProjectApplication in 5.345 seconds (JVM running for 7.134)
[INFO ] 2019-04-14 12:07:28.392 [restartedMain] MiniProjectApplication - Starting the application...
[INFO ] 2019-04-14 12:07:29.436 [restartedMain] MiniProjectApplication - Starting MiniProjectApplication on LAPTOP-H1FFV06D with PID 8368 (D:\eclipse-workspace\mini-project\target\classes started by dhkal in D:\eclipse-workspace\mini-project)
[DEBUG] 2019-04-14 12:07:29.438 [restartedMain] MiniProjectApplication - Running with Spring Boot v2.1.3.RELEASE, Spring v5.1.5.RELEASE
[INFO ] 2019-04-14 12:07:29.438 [restartedMain] MiniProjectApplication - No active profile set, falling back to default profiles: default
[INFO ] 2019-04-14 12:07:33.836 [main] MiniProjectApplication - Starting the application...
[INFO ] 2019-04-14 12:07:34.010 [restartedMain] MiniProjectApplication - Starting the application...
[INFO ] 2019-04-14 12:07:34.298 [restartedMain] MiniProjectApplication - Starting MiniProjectApplication on LAPTOP-H1FFV06D with PID 13824 (D:\eclipse-workspace\mini-project\target\classes started by dhkal in D:\eclipse-workspace\mini-project)
[DEBUG] 2019-04-14 12:07:34.299 [restartedMain] MiniProjectApplication - Running with Spring Boot v2.1.3.RELEASE, Spring v5.1.5.RELEASE
[INFO ] 2019-04-14 12:07:34.299 [restartedMain] MiniProjectApplication - No active profile set, falling back to default profiles: default
[INFO ] 2019-04-14 12:07:39.391 [restartedMain] MiniProjectApplication - Started MiniProjectApplication in 5.374 seconds (JVM running for 7.169)
[INFO ] 2019-04-14 12:08:31.490 [restartedMain] MiniProjectApplication - Starting the application...
[INFO ] 2019-04-14 12:08:31.535 [restartedMain] MiniProjectApplication - Starting MiniProjectApplication on LAPTOP-H1FFV06D with PID 13824 (D:\eclipse-workspace\mini-project\target\classes started by dhkal in D:\eclipse-workspace\mini-project)
[DEBUG] 2019-04-14 12:08:31.536 [restartedMain] MiniProjectApplication - Running with Spring Boot v2.1.3.RELEASE, Spring v5.1.5.RELEASE
[INFO ] 2019-04-14 12:08:31.536 [restartedMain] MiniProjectApplication - No active profile set, falling back to default profiles: default
[INFO ] 2019-04-14 12:08:32.648 [restartedMain] MiniProjectApplication - Started MiniProjectApplication in 1.153 seconds (JVM running for 60.426)
[INFO ] 2019-04-14 12:09:07.422 [restartedMain] MiniProjectApplication - Starting the application...
[INFO ] 2019-04-14 12:09:07.457 [restartedMain] MiniProjectApplication - Starting MiniProjectApplication on LAPTOP-H1FFV06D with PID 13824 (D:\eclipse-workspace\mini-project\target\classes started by dhkal in D:\eclipse-workspace\mini-project)
[DEBUG] 2019-04-14 12:09:07.459 [restartedMain] MiniProjectApplication - Running with Spring Boot v2.1.3.RELEASE, Spring v5.1.5.RELEASE
[INFO ] 2019-04-14 12:09:07.459 [restartedMain] MiniProjectApplication - No active profile set, falling back to default profiles: default
[INFO ] 2019-04-14 12:09:08.446 [restartedMain] MiniProjectApplication - Started MiniProjectApplication in 1.021 seconds (JVM running for 96.224)
[INFO ] 2019-04-14 12:19:35.289 [main] MiniProjectApplication - Starting the application...
[INFO ] 2019-04-14 12:19:35.449 [restartedMain] MiniProjectApplication - Starting the application...
[INFO ] 2019-04-14 12:19:35.724 [restartedMain] MiniProjectApplication - Starting MiniProjectApplication on LAPTOP-H1FFV06D with PID 12680 (D:\eclipse-workspace\mini-project\target\classes started by dhkal in D:\eclipse-workspace\mini-project)
[DEBUG] 2019-04-14 12:19:35.724 [restartedMain] MiniProjectApplication - Running with Spring Boot v2.1.3.RELEASE, Spring v5.1.5.RELEASE
[INFO ] 2019-04-14 12:19:35.725 [restartedMain] MiniProjectApplication - No active profile set, falling back to default profiles: default
[INFO ] 2019-04-14 12:19:41.778 [main] MiniProjectApplication - Starting the application...
[INFO ] 2019-04-14 12:19:41.938 [restartedMain] MiniProjectApplication - Starting the application...
[INFO ] 2019-04-14 12:19:42.216 [restartedMain] MiniProjectApplication - Starting MiniProjectApplication on LAPTOP-H1FFV06D with PID 11496 (D:\eclipse-workspace\mini-project\target\classes started by dhkal in D:\eclipse-workspace\mini-project)
[DEBUG] 2019-04-14 12:19:42.216 [restartedMain] MiniProjectApplication - Running with Spring Boot v2.1.3.RELEASE, Spring v5.1.5.RELEASE
[INFO ] 2019-04-14 12:19:42.217 [restartedMain] MiniProjectApplication - No active profile set, falling back to default profiles: default
[INFO ] 2019-04-14 12:19:47.982 [restartedMain] MiniProjectApplication - Started MiniProjectApplication in 6.039 seconds (JVM running for 6.806)
[INFO ] 2019-04-14 12:20:40.269 [main] MiniProjectApplication - Starting the application...
[INFO ] 2019-04-14 12:20:40.418 [restartedMain] MiniProjectApplication - Starting the application...
[INFO ] 2019-04-14 12:20:40.685 [restartedMain] MiniProjectApplication - Starting MiniProjectApplication on LAPTOP-H1FFV06D with PID 5848 (D:\eclipse-workspace\mini-project\target\classes started by dhkal in D:\eclipse-workspace\mini-project)
[DEBUG] 2019-04-14 12:20:40.685 [restartedMain] MiniProjectApplication - Running with Spring Boot v2.1.3.RELEASE, Spring v5.1.5.RELEASE
[INFO ] 2019-04-14 12:20:40.686 [restartedMain] MiniProjectApplication - No active profile set, falling back to default profiles: default
[INFO ] 2019-04-14 12:20:45.887 [restartedMain] MiniProjectApplication - Started MiniProjectApplication in 5.464 seconds (JVM running for 6.227)
[INFO ] 2019-04-14 12:21:01.958 [main] MiniProjectApplication - Starting the application...
[INFO ] 2019-04-14 12:21:02.109 [restartedMain] MiniProjectApplication - Starting the application...
[INFO ] 2019-04-14 12:21:02.380 [restartedMain] MiniProjectApplication - Starting MiniProjectApplication on LAPTOP-H1FFV06D with PID 14164 (D:\eclipse-workspace\mini-project\target\classes started by dhkal in D:\eclipse-workspace\mini-project)
[DEBUG] 2019-04-14 12:21:02.380 [restartedMain] MiniProjectApplication - Running with Spring Boot v2.1.3.RELEASE, Spring v5.1.5.RELEASE
[INFO ] 2019-04-14 12:21:02.381 [restartedMain] MiniProjectApplication - No active profile set, falling back to default profiles: default
[INFO ] 2019-04-14 12:21:07.479 [restartedMain] MiniProjectApplication - Started MiniProjectApplication in 5.365 seconds (JVM running for 6.113)
[INFO ] 2019-04-14 12:21:23.285 [main] MiniProjectApplication - Starting the application...
[INFO ] 2019-04-14 12:21:23.440 [restartedMain] MiniProjectApplication - Starting the application...
[INFO ] 2019-04-14 12:21:23.706 [restartedMain] MiniProjectApplication - Starting MiniProjectApplication on LAPTOP-H1FFV06D with PID 6244 (D:\eclipse-workspace\mini-project\target\classes started by dhkal in D:\eclipse-workspace\mini-project)
[DEBUG] 2019-04-14 12:21:23.706 [restartedMain] MiniProjectApplication - Running with Spring Boot v2.1.3.RELEASE, Spring v5.1.5.RELEASE
[INFO ] 2019-04-14 12:21:23.707 [restartedMain] MiniProjectApplication - No active profile set, falling back to default profiles: default
[INFO ] 2019-04-14 12:21:28.831 [restartedMain] MiniProjectApplication - Started MiniProjectApplication in 5.387 seconds (JVM running for 6.14)
[INFO ] 2019-04-14 12:21:48.448 [main] MiniProjectApplication - Starting the application...
[INFO ] 2019-04-14 12:21:48.594 [restartedMain] MiniProjectApplication - Starting the application...
[INFO ] 2019-04-14 12:21:48.856 [restartedMain] MiniProjectApplication - Starting MiniProjectApplication on LAPTOP-H1FFV06D with PID 11464 (D:\eclipse-workspace\mini-project\target\classes started by dhkal in D:\eclipse-workspace\mini-project)
[DEBUG] 2019-04-14 12:21:48.857 [restartedMain] MiniProjectApplication - Running with Spring Boot v2.1.3.RELEASE, Spring v5.1.5.RELEASE
[INFO ] 2019-04-14 12:21:48.857 [restartedMain] MiniProjectApplication - No active profile set, falling back to default profiles: default
[INFO ] 2019-04-14 12:21:54.111 [restartedMain] MiniProjectApplication - Started MiniProjectApplication in 5.512 seconds (JVM running for 6.253)
[INFO ] 2019-04-14 12:22:02.728 [restartedMain] MiniProjectApplication - Starting the application...
[INFO ] 2019-04-14 12:22:02.770 [restartedMain] MiniProjectApplication - Starting MiniProjectApplication on LAPTOP-H1FFV06D with PID 11464 (D:\eclipse-workspace\mini-project\target\classes started by dhkal in D:\eclipse-workspace\mini-project)
[DEBUG] 2019-04-14 12:22:02.770 [restartedMain] MiniProjectApplication - Running with Spring Boot v2.1.3.RELEASE, Spring v5.1.5.RELEASE
[INFO ] 2019-04-14 12:22:02.770 [restartedMain] MiniProjectApplication - No active profile set, falling back to default profiles: default
[INFO ] 2019-04-14 12:22:03.863 [restartedMain] MiniProjectApplication - Started MiniProjectApplication in 1.131 seconds (JVM running for 16.006)
[INFO ] 2019-04-14 12:22:07.621 [main] MiniProjectApplication - Starting the application...
[INFO ] 2019-04-14 12:22:07.772 [restartedMain] MiniProjectApplication - Starting the application...
[INFO ] 2019-04-14 12:22:08.042 [restartedMain] MiniProjectApplication - Starting MiniProjectApplication on LAPTOP-H1FFV06D with PID 6016 (D:\eclipse-workspace\mini-project\target\classes started by dhkal in D:\eclipse-workspace\mini-project)
[DEBUG] 2019-04-14 12:22:08.042 [restartedMain] MiniProjectApplication - Running with Spring Boot v2.1.3.RELEASE, Spring v5.1.5.RELEASE
[INFO ] 2019-04-14 12:22:08.043 [restartedMain] MiniProjectApplication - No active profile set, falling back to default profiles: default
[INFO ] 2019-04-14 12:22:13.179 [restartedMain] MiniProjectApplication - Started MiniProjectApplication in 5.403 seconds (JVM running for 6.17)
[INFO ] 2019-04-14 12:22:28.969 [main] MiniProjectApplication - Starting the application...
[INFO ] 2019-04-14 12:22:29.126 [restartedMain] MiniProjectApplication - Starting the application...
[INFO ] 2019-04-14 12:22:29.400 [restartedMain] MiniProjectApplication - Starting MiniProjectApplication on LAPTOP-H1FFV06D with PID 244 (D:\eclipse-workspace\mini-project\target\classes started by dhkal in D:\eclipse-workspace\mini-project)
[DEBUG] 2019-04-14 12:22:29.400 [restartedMain] MiniProjectApplication - Running with Spring Boot v2.1.3.RELEASE, Spring v5.1.5.RELEASE
[INFO ] 2019-04-14 12:22:29.401 [restartedMain] MiniProjectApplication - No active profile set, falling back to default profiles: default
[INFO ] 2019-04-14 12:22:34.748 [restartedMain] MiniProjectApplication - Started MiniProjectApplication in 5.618 seconds (JVM running for 6.388)
[INFO ] 2019-04-14 12:22:46.017 [main] MiniProjectApplication - Starting the application...
[INFO ] 2019-04-14 12:22:46.171 [restartedMain] MiniProjectApplication - Starting the application...
[INFO ] 2019-04-14 12:22:46.439 [restartedMain] MiniProjectApplication - Starting MiniProjectApplication on LAPTOP-H1FFV06D with PID 12680 (D:\eclipse-workspace\mini-project\target\classes started by dhkal in D:\eclipse-workspace\mini-project)
[DEBUG] 2019-04-14 12:22:46.440 [restartedMain] MiniProjectApplication - Running with Spring Boot v2.1.3.RELEASE, Spring v5.1.5.RELEASE
[INFO ] 2019-04-14 12:22:46.440 [restartedMain] MiniProjectApplication - No active profile set, falling back to default profiles: default
[INFO ] 2019-04-14 12:22:51.541 [restartedMain] MiniProjectApplication - Started MiniProjectApplication in 5.366 seconds (JVM running for 6.211)
[INFO ] 2019-04-14 12:23:16.214 [restartedMain] MiniProjectApplication - Starting the application...
[INFO ] 2019-04-14 12:23:16.257 [restartedMain] MiniProjectApplication - Starting MiniProjectApplication on LAPTOP-H1FFV06D with PID 12680 (D:\eclipse-workspace\mini-project\target\classes started by dhkal in D:\eclipse-workspace\mini-project)
[DEBUG] 2019-04-14 12:23:16.257 [restartedMain] MiniProjectApplication - Running with Spring Boot v2.1.3.RELEASE, Spring v5.1.5.RELEASE
[INFO ] 2019-04-14 12:23:16.257 [restartedMain] MiniProjectApplication - No active profile set, falling back to default profiles: default
[INFO ] 2019-04-14 12:23:17.422 [restartedMain] MiniProjectApplication - Started MiniProjectApplication in 1.204 seconds (JVM running for 32.092)
[INFO ] 2019-04-14 12:23:25.272 [main] MiniProjectApplication - Starting the application...
[INFO ] 2019-04-14 12:23:25.433 [restartedMain] MiniProjectApplication - Starting the application...
[INFO ] 2019-04-14 12:23:25.704 [restartedMain] MiniProjectApplication - Starting MiniProjectApplication on LAPTOP-H1FFV06D with PID 13888 (D:\eclipse-workspace\mini-project\target\classes started by dhkal in D:\eclipse-workspace\mini-project)
[DEBUG] 2019-04-14 12:23:25.705 [restartedMain] MiniProjectApplication - Running with Spring Boot v2.1.3.RELEASE, Spring v5.1.5.RELEASE
[INFO ] 2019-04-14 12:23:25.705 [restartedMain] MiniProjectApplication - No active profile set, falling back to default profiles: default
[INFO ] 2019-04-14 12:23:30.773 [restartedMain] MiniProjectApplication - Started MiniProjectApplication in 5.336 seconds (JVM running for 6.124)
[INFO ] 2019-04-14 12:23:45.994 [http-nio-8080-exec-1] TransactionController - [Transaction [Id=1, userID=123456789, channel=ATM, transactionType=Withdrawal, fromAccountNo=123456789, fromIFSC=SBIN0015040, toAccountNo=987654321, toIFSC=SBIN0015040, currency=INR, amount=1200.0, tdate=2019-04-13 09:38:46.78, transactionLocation=IN, loggingDate=2019-04-13 09:38:46.78, ], Transaction [Id=2, userID=123456789, channel=ATM, transactionType=Withdrawal, fromAccountNo=123456789, fromIFSC=SBIN0015040, toAccountNo=987654321, toIFSC=SBIN0015040, currency=INR, amount=1200.0, tdate=2019-04-13 09:40:56.678, transactionLocation=IN, loggingDate=2019-04-13 09:40:56.678, ], Transaction [Id=3, userID=123456789, channel=ATM, transactionType=Withdrawal, fromAccountNo=123456789, fromIFSC=SBIN0015040, toAccountNo=987654321, toIFSC=SBIN0015040, currency=INR, amount=1200.0, tdate=2019-04-13 09:40:58.319, transactionLocation=IN, loggingDate=2019-04-13 09:40:58.319, ], Transaction [Id=4, userID=123456789, channel=ATM, transactionType=Withdrawal, fromAccountNo=123456789, fromIFSC=SBIN0015040, toAccountNo=987654321, toIFSC=SBIN0015040, currency=INR, amount=1200.0, tdate=2019-04-13 09:43:20.4, transactionLocation=IN, loggingDate=2019-04-13 09:43:20.4, ], Transaction [Id=5, userID=123456789, channel=ATM, transactionType=Withdrawal, fromAccountNo=123456789, fromIFSC=SBIN0015040, toAccountNo=987654321, toIFSC=SBIN0015040, currency=INR, amount=1200.0, tdate=2019-04-13 09:43:55.02, transactionLocation=IN, loggingDate=2019-04-13 09:43:55.02, ], Transaction [Id=6, userID=123456789, channel=ATM, transactionType=Withdrawal, fromAccountNo=123456789, fromIFSC=SBIN0015040, toAccountNo=987654321, toIFSC=SBIN0015040, currency=INR, amount=1200.0, tdate=2019-04-13 09:47:37.354, transactionLocation=IN, loggingDate=2019-04-13 09:47:37.354, ], Transaction [Id=7, userID=123456789, channel=ATM, transactionType=Withdrawal, fromAccountNo=123456789, fromIFSC=SBIN0015040, toAccountNo=987654321, toIFSC=SBIN0015040, currency=INR, amount=1200.0, tdate=2019-04-13 09:47:38.253, transactionLocation=IN, loggingDate=2019-04-13 09:47:38.253, ], Transaction [Id=8, userID=123456789, channel=ATM, transactionType=Withdrawal, fromAccountNo=123456789, fromIFSC=SBIN0015040, toAccountNo=987654321, toIFSC=SBIN0015040, currency=INR, amount=1200.0, tdate=2019-04-13 10:46:44.003, transactionLocation=IN, loggingDate=2019-04-13 10:46:44.003, ], Transaction [Id=9, userID=123456789, channel=ATM, transactionType=Withdrawal, fromAccountNo=123456789, fromIFSC=SBIN0015040, toAccountNo=987654321, toIFSC=SBIN0015040, currency=INR, amount=1200.0, tdate=2019-04-13 10:46:46.091, transactionLocation=IN, loggingDate=2019-04-13 10:46:46.091, ], Transaction [Id=10, userID=123456789, channel=ATM, transactionType=Withdrawal, fromAccountNo=123456789, fromIFSC=SBIN0015040, toAccountNo=987654321, toIFSC=SBIN0015040, currency=INR, amount=1200.0, tdate=2019-04-13 10:46:47.204, transactionLocation=IN, loggingDate=2019-04-13 10:46:47.204, ], Transaction [Id=11, userID=123456789, channel=ATM, transactionType=Withdrawal, fromAccountNo=123456789, fromIFSC=SBIN0015040, toAccountNo=987654321, toIFSC=SBIN0015040, currency=INR, amount=1200.0, tdate=2019-04-13 10:48:51.155, transactionLocation=IN, loggingDate=2019-04-13 10:48:51.155, ], Transaction [Id=12, userID=123456789, channel=ATM, transactionType=Withdrawal, fromAccountNo=123456789, fromIFSC=SBIN0015040, toAccountNo=987654321, toIFSC=SBIN0015040, currency=INR, amount=1200.0, tdate=2019-04-13 10:48:51.78, transactionLocation=IN, loggingDate=2019-04-13 10:48:51.78, ], Transaction [Id=13, userID=123456789, channel=ATM, transactionType=Withdrawal, fromAccountNo=123456789, fromIFSC=SBIN0015040, toAccountNo=987654321, toIFSC=SBIN0015040, currency=INR, amount=1200.0, tdate=2019-04-13 10:56:43.102, transactionLocation=IN, loggingDate=2019-04-13 10:56:43.102, ], Transaction [Id=14, userID=123456789, channel=ATM, transactionType=Withdrawal, fromAccountNo=123456789, fromIFSC=SBIN0015040, toAccountNo=987654321, toIFSC=SBIN0015040, currency=INR, amount=1200.0, tdate=2019-04-13 10:56:43.806, transactionLocation=IN, loggingDate=2019-04-13 10:56:43.806, ], Transaction [Id=15, userID=123456789, channel=ATM, transactionType=Withdrawal, fromAccountNo=123456789, fromIFSC=SBIN0015040, toAccountNo=987654321, toIFSC=SBIN0015040, currency=INR, amount=1200.0, tdate=2019-04-13 10:56:44.421, transactionLocation=IN, loggingDate=2019-04-13 10:56:44.421, ], Transaction [Id=16, userID=123456789, channel=ATM, transactionType=Withdrawal, fromAccountNo=123456789, fromIFSC=SBIN0015040, toAccountNo=987654321, toIFSC=SBIN0015040, currency=INR, amount=1200.0, tdate=2019-04-13 10:56:44.875, transactionLocation=IN, loggingDate=2019-04-13 10:56:44.875, ], Transaction [Id=17, userID=123456789, channel=ATM, transactionType=Withdrawal, fromAccountNo=123456789, fromIFSC=SBIN0015040, toAccountNo=987654321, toIFSC=SBIN0015040, currency=INR, amount=1200.0, tdate=2019-04-13 10:57:04.582, transactionLocation=IN, loggingDate=2019-04-13 10:57:04.582, ], Transaction [Id=18, userID=123456789, channel=ATM, transactionType=Withdrawal, fromAccountNo=123456789, fromIFSC=SBIN0015040, toAccountNo=987654321, toIFSC=SBIN0015040, currency=INR, amount=1200.0, tdate=2019-04-13 10:57:04.93, transactionLocation=IN, loggingDate=2019-04-13 10:57:04.93, ], Transaction [Id=19, userID=123456789, channel=ATM, transactionType=Withdrawal, fromAccountNo=123456789, fromIFSC=SBIN0015040, toAccountNo=987654321, toIFSC=SBIN0015040, currency=INR, amount=1200.0, tdate=2019-04-13 10:58:01.859, transactionLocation=IN, loggingDate=2019-04-13 10:58:01.859, ], Transaction [Id=20, userID=123456789, channel=ATM, transactionType=Withdrawal, fromAccountNo=123456789, fromIFSC=SBIN0015040, toAccountNo=987654321, toIFSC=SBIN0015040, currency=INR, amount=1200.0, tdate=2019-04-13 10:58:02.218, transactionLocation=IN, loggingDate=2019-04-13 10:58:02.218, ], Transaction [Id=21, userID=123456789, channel=ATM, transactionType=Withdrawal, fromAccountNo=123456789, fromIFSC=SBIN0015040, toAccountNo=987654321, toIFSC=SBIN0015040, currency=INR, amount=1200.0, tdate=2019-04-13 11:24:17.975, transactionLocation=IN, loggingDate=2019-04-13 11:24:17.975, ], Transaction [Id=22, userID=123456789, channel=ATM, transactionType=Withdrawal, fromAccountNo=123456789, fromIFSC=SBIN0015040, toAccountNo=987654321, toIFSC=SBIN0015040, currency=INR, amount=1200.0, tdate=2019-04-13 11:24:18.213, transactionLocation=IN, loggingDate=2019-04-13 11:24:18.213, ], Transaction [Id=23, userID=123456789, channel=ATM, transactionType=Withdrawal, fromAccountNo=123456789, fromIFSC=SBIN0015040, toAccountNo=987654321, toIFSC=SBIN0015040, currency=INR, amount=1200.0, tdate=2019-04-13 11:24:18.777, transactionLocation=IN, loggingDate=2019-04-13 11:24:18.777, ], Transaction [Id=24, userID=123, channel=Online Banking, transactionType=Transfer, fromAccountNo=9876543210, fromIFSC=SBIN0015015, toAccountNo=0123456789, toIFSC=SBIN0015015, currency=INR, amount=15000.0, tdate=2019-04-13 14:43:37.394, transactionLocation=IN, loggingDate=2019-04-13 14:43:37.394, ], Transaction [Id=25, userID=123456789, channel=ATM, transactionType=Withdrawal, fromAccountNo=123456789, fromIFSC=SBIN0015040, toAccountNo=987654321, toIFSC=SBIN0015040, currency=INR, amount=1200.0, tdate=2019-04-13 15:18:33.934, transactionLocation=IN, loggingDate=2019-04-13 15:18:33.934, ], Transaction [Id=26, userID=123456789, channel=ATM, transactionType=Withdrawal, fromAccountNo=123456789, fromIFSC=SBIN0015040, toAccountNo=987654321, toIFSC=SBIN0015040, currency=INR, amount=1200.0, tdate=2019-04-13 15:21:04.492, transactionLocation=IN, loggingDate=2019-04-13 15:21:04.492, ], Transaction [Id=27, userID=123456789, channel=ATM, transactionType=Withdrawal, fromAccountNo=123456789, fromIFSC=SBIN0015040, toAccountNo=987654321, toIFSC=SBIN0015040, currency=INR, amount=1200.0, tdate=2019-04-13 15:21:05.063, transactionLocation=IN, loggingDate=2019-04-13 15:21:05.063, ], Transaction [Id=28, userID=123456789, channel=ATM, transactionType=Withdrawal, fromAccountNo=123456789, fromIFSC=SBIN0015040, toAccountNo=987654321, toIFSC=SBIN0015040, currency=INR, amount=1200.0, tdate=2019-04-13 15:21:05.655, transactionLocation=IN, loggingDate=2019-04-13 15:21:05.655, ], Transaction [Id=29, userID=123456789, channel=ATM, transactionType=Withdrawal, fromAccountNo=123456789, fromIFSC=SBIN0015040, toAccountNo=987654321, toIFSC=SBIN0015040, currency=INR, amount=1200.0, tdate=2019-04-13 15:21:06.236, transactionLocation=IN, loggingDate=2019-04-13 15:21:06.236, ], Transaction [Id=30, userID=123456789, channel=ATM, transactionType=Withdrawal, fromAccountNo=123456789, fromIFSC=SBIN0015040, toAccountNo=987654321, toIFSC=SBIN0015040, currency=INR, amount=1200.0, tdate=2019-04-13 15:21:06.771, transactionLocation=IN, loggingDate=2019-04-13 15:21:06.771, ], Transaction [Id=31, userID=123456789, channel=ATM, transactionType=Withdrawal, fromAccountNo=123456789, fromIFSC=SBIN0015040, toAccountNo=987654321, toIFSC=SBIN0015040, currency=INR, amount=1200.0, tdate=2019-04-13 15:23:01.927, transactionLocation=IN, loggingDate=2019-04-13 15:23:01.927, ], Transaction [Id=32, userID=123456789, channel=ATM, transactionType=Withdrawal, fromAccountNo=123456789, fromIFSC=SBIN0015040, toAccountNo=987654321, toIFSC=SBIN0015040, currency=INR, amount=1200.0, tdate=2019-04-13 15:23:02.541, transactionLocation=IN, loggingDate=2019-04-13 15:23:02.541, ], Transaction [Id=33, userID=123456789, channel=ATM, transactionType=Withdrawal, fromAccountNo=123456789, fromIFSC=SBIN0015040, toAccountNo=987654321, toIFSC=SBIN0015040, currency=INR, amount=1200.0, tdate=2019-04-13 15:23:03.318, transactionLocation=IN, loggingDate=2019-04-13 15:23:03.318, ], Transaction [Id=34, userID=123456789, channel=ATM, transactionType=Withdrawal, fromAccountNo=123456789, fromIFSC=SBIN0015040, toAccountNo=987654321, toIFSC=SBIN0015040, currency=INR, amount=1200.0, tdate=2019-04-13 15:23:04.196, transactionLocation=IN, loggingDate=2019-04-13 15:23:04.196, ], Transaction [Id=35, userID=123456789, channel=ATM, transactionType=Withdrawal, fromAccountNo=123456789, fromIFSC=SBIN0015040, toAccountNo=987654321, toIFSC=SBIN0015040, currency=INR, amount=1200.0, tdate=2019-04-13 15:23:05.064, transactionLocation=IN, loggingDate=2019-04-13 15:23:05.064, ]]
[INFO ] 2019-04-14 12:24:30.520 [restartedMain] MiniProjectApplication - Starting the application...
[INFO ] 2019-04-14 12:24:30.566 [restartedMain] MiniProjectApplication - Starting MiniProjectApplication on LAPTOP-H1FFV06D with PID 13888 (D:\eclipse-workspace\mini-project\target\classes started by dhkal in D:\eclipse-workspace\mini-project)
[DEBUG] 2019-04-14 12:24:30.566 [restartedMain] MiniProjectApplication - Running with Spring Boot v2.1.3.RELEASE, Spring v5.1.5.RELEASE
[INFO ] 2019-04-14 12:24:30.567 [restartedMain] MiniProjectApplication - No active profile set, falling back to default profiles: default
[INFO ] 2019-04-14 12:24:31.594 [restartedMain] MiniProjectApplication - Started MiniProjectApplication in 1.069 seconds (JVM running for 66.944)
[INFO ] 2019-04-14 12:24:38.720 [main] MiniProjectApplication - Starting the application...
[INFO ] 2019-04-14 12:24:38.873 [restartedMain] MiniProjectApplication - Starting the application...
[INFO ] 2019-04-14 12:24:39.144 [restartedMain] MiniProjectApplication - Starting MiniProjectApplication on LAPTOP-H1FFV06D with PID 2672 (D:\eclipse-workspace\mini-project\target\classes started by dhkal in D:\eclipse-workspace\mini-project)
[DEBUG] 2019-04-14 12:24:39.144 [restartedMain] MiniProjectApplication - Running with Spring Boot v2.1.3.RELEASE, Spring v5.1.5.RELEASE
[INFO ] 2019-04-14 12:24:39.145 [restartedMain] MiniProjectApplication - No active profile set, falling back to default profiles: default
[INFO ] 2019-04-14 12:24:44.296 [restartedMain] MiniProjectApplication - Started MiniProjectApplication in 5.418 seconds (JVM running for 6.195)
[INFO ] 2019-04-14 12:24:50.970 [restartedMain] MiniProjectApplication - Starting the application...
[INFO ] 2019-04-14 12:24:51.019 [restartedMain] MiniProjectApplication - Starting MiniProjectApplication on LAPTOP-H1FFV06D with PID 2672 (D:\eclipse-workspace\mini-project\target\classes started by dhkal in D:\eclipse-workspace\mini-project)
[DEBUG] 2019-04-14 12:24:51.019 [restartedMain] MiniProjectApplication - Running with Spring Boot v2.1.3.RELEASE, Spring v5.1.5.RELEASE
[INFO ] 2019-04-14 12:24:51.019 [restartedMain] MiniProjectApplication - No active profile set, falling back to default profiles: default
[INFO ] 2019-04-14 12:24:52.510 [restartedMain] MiniProjectApplication - Started MiniProjectApplication in 1.534 seconds (JVM running for 14.408)
[INFO ] 2019-04-14 12:26:12.270 [restartedMain] MiniProjectApplication - Starting the application...
[INFO ] 2019-04-14 12:26:12.296 [restartedMain] MiniProjectApplication - Starting MiniProjectApplication on LAPTOP-H1FFV06D with PID 2672 (D:\eclipse-workspace\mini-project\target\classes started by dhkal in D:\eclipse-workspace\mini-project)
[DEBUG] 2019-04-14 12:26:12.297 [restartedMain] MiniProjectApplication - Running with Spring Boot v2.1.3.RELEASE, Spring v5.1.5.RELEASE
[INFO ] 2019-04-14 12:26:12.297 [restartedMain] MiniProjectApplication - No active profile set, falling back to default profiles: default
[INFO ] 2019-04-14 12:26:13.131 [restartedMain] MiniProjectApplication - Started MiniProjectApplication in 0.858 seconds (JVM running for 95.03)
[INFO ] 2019-04-14 12:26:23.773 [restartedMain] MiniProjectApplication - Starting the application...
[INFO ] 2019-04-14 12:26:23.798 [restartedMain] MiniProjectApplication - Starting MiniProjectApplication on LAPTOP-H1FFV06D with PID 2672 (D:\eclipse-workspace\mini-project\target\classes started by dhkal in D:\eclipse-workspace\mini-project)
[DEBUG] 2019-04-14 12:26:23.798 [restartedMain] MiniProjectApplication - Running with Spring Boot v2.1.3.RELEASE, Spring v5.1.5.RELEASE
[INFO ] 2019-04-14 12:26:23.799 [restartedMain] MiniProjectApplication - No active profile set, falling back to default profiles: default
[INFO ] 2019-04-14 12:26:24.547 [restartedMain] MiniProjectApplication - Started MiniProjectApplication in 0.771 seconds (JVM running for 106.446)
[INFO ] 2019-04-14 12:41:14.587 [restartedMain] MiniProjectApplication - Starting the application...
[INFO ] 2019-04-14 12:41:14.625 [restartedMain] MiniProjectApplication - Starting MiniProjectApplication on LAPTOP-H1FFV06D with PID 2672 (D:\eclipse-workspace\mini-project\target\classes started by dhkal in D:\eclipse-workspace\mini-project)
[DEBUG] 2019-04-14 12:41:14.625 [restartedMain] MiniProjectApplication - Running with Spring Boot v2.1.3.RELEASE, Spring v5.1.5.RELEASE
[INFO ] 2019-04-14 12:41:14.625 [restartedMain] MiniProjectApplication - No active profile set, falling back to default profiles: default
[INFO ] 2019-04-14 12:41:15.302 [restartedMain] MiniProjectApplication - Started MiniProjectApplication in 0.712 seconds (JVM running for 997.201)
[INFO ] 2019-04-14 12:41:41.967 [restartedMain] MiniProjectApplication - Starting the application...
[INFO ] 2019-04-14 12:41:41.994 [restartedMain] MiniProjectApplication - Starting MiniProjectApplication on LAPTOP-H1FFV06D with PID 2672 (D:\eclipse-workspace\mini-project\target\classes started by dhkal in D:\eclipse-workspace\mini-project)
[DEBUG] 2019-04-14 12:41:41.994 [restartedMain] MiniProjectApplication - Running with Spring Boot v2.1.3.RELEASE, Spring v5.1.5.RELEASE
[INFO ] 2019-04-14 12:41:41.994 [restartedMain] MiniProjectApplication - No active profile set, falling back to default profiles: default
[INFO ] 2019-04-14 12:41:42.722 [restartedMain] MiniProjectApplication - Started MiniProjectApplication in 0.753 seconds (JVM running for 1024.62)
[INFO ] 2019-04-14 12:42:12.467 [main] MiniProjectApplication - Starting the application...
[INFO ] 2019-04-14 12:42:12.597 [restartedMain] MiniProjectApplication - Starting the application...
[INFO ] 2019-04-14 12:42:12.802 [restartedMain] MiniProjectApplication - Starting MiniProjectApplication on LAPTOP-H1FFV06D with PID 14488 (D:\eclipse-workspace\mini-project\target\classes started by dhkal in D:\eclipse-workspace\mini-project)
[DEBUG] 2019-04-14 12:42:12.803 [restartedMain] MiniProjectApplication - Running with Spring Boot v2.1.3.RELEASE, Spring v5.1.5.RELEASE
[INFO ] 2019-04-14 12:42:12.803 [restartedMain] MiniProjectApplication - No active profile set, falling back to default profiles: default
[INFO ] 2019-04-14 12:42:17.395 [restartedMain] MiniProjectApplication - Started MiniProjectApplication in 4.795 seconds (JVM running for 5.449)
[INFO ] 2019-04-14 12:43:05.096 [restartedMain] MiniProjectApplication - Starting the application...
[INFO ] 2019-04-14 12:43:05.145 [restartedMain] MiniProjectApplication - Starting MiniProjectApplication on LAPTOP-H1FFV06D with PID 14488 (D:\eclipse-workspace\mini-project\target\classes started by dhkal in D:\eclipse-workspace\mini-project)
[DEBUG] 2019-04-14 12:43:05.145 [restartedMain] MiniProjectApplication - Running with Spring Boot v2.1.3.RELEASE, Spring v5.1.5.RELEASE
[INFO ] 2019-04-14 12:43:05.145 [restartedMain] MiniProjectApplication - No active profile set, falling back to default profiles: default
[INFO ] 2019-04-14 12:43:06.115 [restartedMain] MiniProjectApplication - Started MiniProjectApplication in 1.016 seconds (JVM running for 54.169)
[INFO ] 2019-04-14 12:43:33.832 [restartedMain] MiniProjectApplication - Starting the application...
[INFO ] 2019-04-14 12:43:34.880 [restartedMain] MiniProjectApplication - Starting MiniProjectApplication on LAPTOP-H1FFV06D with PID 14488 (D:\eclipse-workspace\mini-project\target\classes started by dhkal in D:\eclipse-workspace\mini-project)
[DEBUG] 2019-04-14 12:43:34.881 [restartedMain] MiniProjectApplication - Running with Spring Boot v2.1.3.RELEASE, Spring v5.1.5.RELEASE
[INFO ] 2019-04-14 12:43:34.881 [restartedMain] MiniProjectApplication - No active profile set, falling back to default profiles: default
[INFO ] 2019-04-14 12:43:35.724 [restartedMain] MiniProjectApplication - Started MiniProjectApplication in 1.889 seconds (JVM running for 83.778)
[INFO ] 2019-04-14 12:43:44.197 [main] MiniProjectApplication - Starting the application...
[INFO ] 2019-04-14 12:43:44.328 [restartedMain] MiniProjectApplication - Starting the application...
[INFO ] 2019-04-14 12:43:44.540 [restartedMain] MiniProjectApplication - Starting MiniProjectApplication on LAPTOP-H1FFV06D with PID 14988 (D:\eclipse-workspace\mini-project\target\classes started by dhkal in D:\eclipse-workspace\mini-project)
[DEBUG] 2019-04-14 12:43:44.540 [restartedMain] MiniProjectApplication - Running with Spring Boot v2.1.3.RELEASE, Spring v5.1.5.RELEASE
[INFO ] 2019-04-14 12:43:44.541 [restartedMain] MiniProjectApplication - No active profile set, falling back to default profiles: default
[INFO ] 2019-04-14 12:43:48.659 [restartedMain] MiniProjectApplication - Started MiniProjectApplication in 4.325 seconds (JVM running for 5.995)
[INFO ] 2019-04-14 12:44:40.325 [main] MiniProjectApplication - Starting the application...
[INFO ] 2019-04-14 12:44:40.452 [restartedMain] MiniProjectApplication - Starting the application...
[INFO ] 2019-04-14 12:44:40.669 [restartedMain] MiniProjectApplication - Starting MiniProjectApplication on LAPTOP-H1FFV06D with PID 13712 (D:\eclipse-workspace\mini-project\target\classes started by dhkal in D:\eclipse-workspace\mini-project)
[DEBUG] 2019-04-14 12:44:40.669 [restartedMain] MiniProjectApplication - Running with Spring Boot v2.1.3.RELEASE, Spring v5.1.5.RELEASE
[INFO ] 2019-04-14 12:44:40.670 [restartedMain] MiniProjectApplication - No active profile set, falling back to default profiles: default
[INFO ] 2019-04-14 12:44:44.980 [restartedMain] MiniProjectApplication - Started MiniProjectApplication in 4.524 seconds (JVM running for 5.211)
[INFO ] 2019-04-14 12:45:37.982 [http-nio-8080-exec-3] TransactionController - [Transaction [Id=1, userID=123456789, channel=ATM, transactionType=Withdrawal, fromAccountNo=123456789, fromIFSC=SBIN0015040, toAccountNo=987654321, toIFSC=SBIN0015040, currency=INR, amount=1200.0, tdate=2019-04-13 09:38:46.78, transactionLocation=IN, loggingDate=2019-04-13 09:38:46.78, ], Transaction [Id=2, userID=123456789, channel=ATM, transactionType=Withdrawal, fromAccountNo=123456789, fromIFSC=SBIN0015040, toAccountNo=987654321, toIFSC=SBIN0015040, currency=INR, amount=1200.0, tdate=2019-04-13 09:40:56.678, transactionLocation=IN, loggingDate=2019-04-13 09:40:56.678, ], Transaction [Id=3, userID=123456789, channel=ATM, transactionType=Withdrawal, fromAccountNo=123456789, fromIFSC=SBIN0015040, toAccountNo=987654321, toIFSC=SBIN0015040, currency=INR, amount=1200.0, tdate=2019-04-13 09:40:58.319, transactionLocation=IN, loggingDate=2019-04-13 09:40:58.319, ], Transaction [Id=4, userID=123456789, channel=ATM, transactionType=Withdrawal, fromAccountNo=123456789, fromIFSC=SBIN0015040, toAccountNo=987654321, toIFSC=SBIN0015040, currency=INR, amount=1200.0, tdate=2019-04-13 09:43:20.4, transactionLocation=IN, loggingDate=2019-04-13 09:43:20.4, ], Transaction [Id=5, userID=123456789, channel=ATM, transactionType=Withdrawal, fromAccountNo=123456789, fromIFSC=SBIN0015040, toAccountNo=987654321, toIFSC=SBIN0015040, currency=INR, amount=1200.0, tdate=2019-04-13 09:43:55.02, transactionLocation=IN, loggingDate=2019-04-13 09:43:55.02, ], Transaction [Id=6, userID=123456789, channel=ATM, transactionType=Withdrawal, fromAccountNo=123456789, fromIFSC=SBIN0015040, toAccountNo=987654321, toIFSC=SBIN0015040, currency=INR, amount=1200.0, tdate=2019-04-13 09:47:37.354, transactionLocation=IN, loggingDate=2019-04-13 09:47:37.354, ], Transaction [Id=7, userID=123456789, channel=ATM, transactionType=Withdrawal, fromAccountNo=123456789, fromIFSC=SBIN0015040, toAccountNo=987654321, toIFSC=SBIN0015040, currency=INR, amount=1200.0, tdate=2019-04-13 09:47:38.253, transactionLocation=IN, loggingDate=2019-04-13 09:47:38.253, ], Transaction [Id=8, userID=123456789, channel=ATM, transactionType=Withdrawal, fromAccountNo=123456789, fromIFSC=SBIN0015040, toAccountNo=987654321, toIFSC=SBIN0015040, currency=INR, amount=1200.0, tdate=2019-04-13 10:46:44.003, transactionLocation=IN, loggingDate=2019-04-13 10:46:44.003, ], Transaction [Id=9, userID=123456789, channel=ATM, transactionType=Withdrawal, fromAccountNo=123456789, fromIFSC=SBIN0015040, toAccountNo=987654321, toIFSC=SBIN0015040, currency=INR, amount=1200.0, tdate=2019-04-13 10:46:46.091, transactionLocation=IN, loggingDate=2019-04-13 10:46:46.091, ], Transaction [Id=10, userID=123456789, channel=ATM, transactionType=Withdrawal, fromAccountNo=123456789, fromIFSC=SBIN0015040, toAccountNo=987654321, toIFSC=SBIN0015040, currency=INR, amount=1200.0, tdate=2019-04-13 10:46:47.204, transactionLocation=IN, loggingDate=2019-04-13 10:46:47.204, ], Transaction [Id=11, userID=123456789, channel=ATM, transactionType=Withdrawal, fromAccountNo=123456789, fromIFSC=SBIN0015040, toAccountNo=987654321, toIFSC=SBIN0015040, currency=INR, amount=1200.0, tdate=2019-04-13 10:48:51.155, transactionLocation=IN, loggingDate=2019-04-13 10:48:51.155, ], Transaction [Id=12, userID=123456789, channel=ATM, transactionType=Withdrawal, fromAccountNo=123456789, fromIFSC=SBIN0015040, toAccountNo=987654321, toIFSC=SBIN0015040, currency=INR, amount=1200.0, tdate=2019-04-13 10:48:51.78, transactionLocation=IN, loggingDate=2019-04-13 10:48:51.78, ], Transaction [Id=13, userID=123456789, channel=ATM, transactionType=Withdrawal, fromAccountNo=123456789, fromIFSC=SBIN0015040, toAccountNo=987654321, toIFSC=SBIN0015040, currency=INR, amount=1200.0, tdate=2019-04-13 10:56:43.102, transactionLocation=IN, loggingDate=2019-04-13 10:56:43.102, ], Transaction [Id=14, userID=123456789, channel=ATM, transactionType=Withdrawal, fromAccountNo=123456789, fromIFSC=SBIN0015040, toAccountNo=987654321, toIFSC=SBIN0015040, currency=INR, amount=1200.0, tdate=2019-04-13 10:56:43.806, transactionLocation=IN, loggingDate=2019-04-13 10:56:43.806, ], Transaction [Id=15, userID=123456789, channel=ATM, transactionType=Withdrawal, fromAccountNo=123456789, fromIFSC=SBIN0015040, toAccountNo=987654321, toIFSC=SBIN0015040, currency=INR, amount=1200.0, tdate=2019-04-13 10:56:44.421, transactionLocation=IN, loggingDate=2019-04-13 10:56:44.421, ], Transaction [Id=16, userID=123456789, channel=ATM, transactionType=Withdrawal, fromAccountNo=123456789, fromIFSC=SBIN0015040, toAccountNo=987654321, toIFSC=SBIN0015040, currency=INR, amount=1200.0, tdate=2019-04-13 10:56:44.875, transactionLocation=IN, loggingDate=2019-04-13 10:56:44.875, ], Transaction [Id=17, userID=123456789, channel=ATM, transactionType=Withdrawal, fromAccountNo=123456789, fromIFSC=SBIN0015040, toAccountNo=987654321, toIFSC=SBIN0015040, currency=INR, amount=1200.0, tdate=2019-04-13 10:57:04.582, transactionLocation=IN, loggingDate=2019-04-13 10:57:04.582, ], Transaction [Id=18, userID=123456789, channel=ATM, transactionType=Withdrawal, fromAccountNo=123456789, fromIFSC=SBIN0015040, toAccountNo=987654321, toIFSC=SBIN0015040, currency=INR, amount=1200.0, tdate=2019-04-13 10:57:04.93, transactionLocation=IN, loggingDate=2019-04-13 10:57:04.93, ], Transaction [Id=19, userID=123456789, channel=ATM, transactionType=Withdrawal, fromAccountNo=123456789, fromIFSC=SBIN0015040, toAccountNo=987654321, toIFSC=SBIN0015040, currency=INR, amount=1200.0, tdate=2019-04-13 10:58:01.859, transactionLocation=IN, loggingDate=2019-04-13 10:58:01.859, ], Transaction [Id=20, userID=123456789, channel=ATM, transactionType=Withdrawal, fromAccountNo=123456789, fromIFSC=SBIN0015040, toAccountNo=987654321, toIFSC=SBIN0015040, currency=INR, amount=1200.0, tdate=2019-04-13 10:58:02.218, transactionLocation=IN, loggingDate=2019-04-13 10:58:02.218, ], Transaction [Id=21, userID=123456789, channel=ATM, transactionType=Withdrawal, fromAccountNo=123456789, fromIFSC=SBIN0015040, toAccountNo=987654321, toIFSC=SBIN0015040, currency=INR, amount=1200.0, tdate=2019-04-13 11:24:17.975, transactionLocation=IN, loggingDate=2019-04-13 11:24:17.975, ], Transaction [Id=22, userID=123456789, channel=ATM, transactionType=Withdrawal, fromAccountNo=123456789, fromIFSC=SBIN0015040, toAccountNo=987654321, toIFSC=SBIN0015040, currency=INR, amount=1200.0, tdate=2019-04-13 11:24:18.213, transactionLocation=IN, loggingDate=2019-04-13 11:24:18.213, ], Transaction [Id=23, userID=123456789, channel=ATM, transactionType=Withdrawal, fromAccountNo=123456789, fromIFSC=SBIN0015040, toAccountNo=987654321, toIFSC=SBIN0015040, currency=INR, amount=1200.0, tdate=2019-04-13 11:24:18.777, transactionLocation=IN, loggingDate=2019-04-13 11:24:18.777, ], Transaction [Id=24, userID=123, channel=Online Banking, transactionType=Transfer, fromAccountNo=9876543210, fromIFSC=SBIN0015015, toAccountNo=0123456789, toIFSC=SBIN0015015, currency=INR, amount=15000.0, tdate=2019-04-13 14:43:37.394, transactionLocation=IN, loggingDate=2019-04-13 14:43:37.394, ], Transaction [Id=25, userID=123456789, channel=ATM, transactionType=Withdrawal, fromAccountNo=123456789, fromIFSC=SBIN0015040, toAccountNo=987654321, toIFSC=SBIN0015040, currency=INR, amount=1200.0, tdate=2019-04-13 15:18:33.934, transactionLocation=IN, loggingDate=2019-04-13 15:18:33.934, ], Transaction [Id=26, userID=123456789, channel=ATM, transactionType=Withdrawal, fromAccountNo=123456789, fromIFSC=SBIN0015040, toAccountNo=987654321, toIFSC=SBIN0015040, currency=INR, amount=1200.0, tdate=2019-04-13 15:21:04.492, transactionLocation=IN, loggingDate=2019-04-13 15:21:04.492, ], Transaction [Id=27, userID=123456789, channel=ATM, transactionType=Withdrawal, fromAccountNo=123456789, fromIFSC=SBIN0015040, toAccountNo=987654321, toIFSC=SBIN0015040, currency=INR, amount=1200.0, tdate=2019-04-13 15:21:05.063, transactionLocation=IN, loggingDate=2019-04-13 15:21:05.063, ], Transaction [Id=28, userID=123456789, channel=ATM, transactionType=Withdrawal, fromAccountNo=123456789, fromIFSC=SBIN0015040, toAccountNo=987654321, toIFSC=SBIN0015040, currency=INR, amount=1200.0, tdate=2019-04-13 15:21:05.655, transactionLocation=IN, loggingDate=2019-04-13 15:21:05.655, ], Transaction [Id=29, userID=123456789, channel=ATM, transactionType=Withdrawal, fromAccountNo=123456789, fromIFSC=SBIN0015040, toAccountNo=987654321, toIFSC=SBIN0015040, currency=INR, amount=1200.0, tdate=2019-04-13 15:21:06.236, transactionLocation=IN, loggingDate=2019-04-13 15:21:06.236, ], Transaction [Id=30, userID=123456789, channel=ATM, transactionType=Withdrawal, fromAccountNo=123456789, fromIFSC=SBIN0015040, toAccountNo=987654321, toIFSC=SBIN0015040, currency=INR, amount=1200.0, tdate=2019-04-13 15:21:06.771, transactionLocation=IN, loggingDate=2019-04-13 15:21:06.771, ], Transaction [Id=31, userID=123456789, channel=ATM, transactionType=Withdrawal, fromAccountNo=123456789, fromIFSC=SBIN0015040, toAccountNo=987654321, toIFSC=SBIN0015040, currency=INR, amount=1200.0, tdate=2019-04-13 15:23:01.927, transactionLocation=IN, loggingDate=2019-04-13 15:23:01.927, ], Transaction [Id=32, userID=123456789, channel=ATM, transactionType=Withdrawal, fromAccountNo=123456789, fromIFSC=SBIN0015040, toAccountNo=987654321, toIFSC=SBIN0015040, currency=INR, amount=1200.0, tdate=2019-04-13 15:23:02.541, transactionLocation=IN, loggingDate=2019-04-13 15:23:02.541, ], Transaction [Id=33, userID=123456789, channel=ATM, transactionType=Withdrawal, fromAccountNo=123456789, fromIFSC=SBIN0015040, toAccountNo=987654321, toIFSC=SBIN0015040, currency=INR, amount=1200.0, tdate=2019-04-13 15:23:03.318, transactionLocation=IN, loggingDate=2019-04-13 15:23:03.318, ], Transaction [Id=34, userID=123456789, channel=ATM, transactionType=Withdrawal, fromAccountNo=123456789, fromIFSC=SBIN0015040, toAccountNo=987654321, toIFSC=SBIN0015040, currency=INR, amount=1200.0, tdate=2019-04-13 15:23:04.196, transactionLocation=IN, loggingDate=2019-04-13 15:23:04.196, ], Transaction [Id=35, userID=123456789, channel=ATM, transactionType=Withdrawal, fromAccountNo=123456789, fromIFSC=SBIN0015040, toAccountNo=987654321, toIFSC=SBIN0015040, currency=INR, amount=1200.0, tdate=2019-04-13 15:23:05.064, transactionLocation=IN, loggingDate=2019-04-13 15:23:05.064, ]]
[INFO ] 2019-04-14 12:47:11.157 [restartedMain] MiniProjectApplication - Starting the application...
[INFO ] 2019-04-14 12:47:11.192 [restartedMain] MiniProjectApplication - Starting MiniProjectApplication on LAPTOP-H1FFV06D with PID 13712 (D:\eclipse-workspace\mini-project\target\classes started by dhkal in D:\eclipse-workspace\mini-project)
[DEBUG] 2019-04-14 12:47:11.192 [restartedMain] MiniProjectApplication - Running with Spring Boot v2.1.3.RELEASE, Spring v5.1.5.RELEASE
[INFO ] 2019-04-14 12:47:11.192 [restartedMain] MiniProjectApplication - No active profile set, falling back to default profiles: default
[INFO ] 2019-04-14 12:47:11.571 [main] MiniProjectApplication - Starting the application...
[INFO ] 2019-04-14 12:47:11.786 [restartedMain] MiniProjectApplication - Starting the application...
[INFO ] 2019-04-14 12:47:12.118 [restartedMain] MiniProjectApplication - Starting MiniProjectApplication on LAPTOP-H1FFV06D with PID 6036 (D:\eclipse-workspace\mini-project\target\classes started by dhkal in D:\eclipse-workspace\mini-project)
[DEBUG] 2019-04-14 12:47:12.119 [restartedMain] MiniProjectApplication - Running with Spring Boot v2.1.3.RELEASE, Spring v5.1.5.RELEASE
[INFO ] 2019-04-14 12:47:12.120 [restartedMain] MiniProjectApplication - No active profile set, falling back to default profiles: default
[INFO ] 2019-04-14 12:47:12.366 [restartedMain] MiniProjectApplication - Started MiniProjectApplication in 1.204 seconds (JVM running for 152.597)
[INFO ] 2019-04-14 12:47:16.881 [restartedMain] MiniProjectApplication - Started MiniProjectApplication in 5.09 seconds (JVM running for 6.034)
[INFO ] 2019-04-14 12:47:17.522 [main] MiniProjectApplication - Starting the application...
[INFO ] 2019-04-14 12:47:17.651 [restartedMain] MiniProjectApplication - Starting the application...
[INFO ] 2019-04-14 12:47:17.853 [restartedMain] MiniProjectApplication - Starting MiniProjectApplication on LAPTOP-H1FFV06D with PID 10892 (D:\eclipse-workspace\mini-project\target\classes started by dhkal in D:\eclipse-workspace\mini-project)
[DEBUG] 2019-04-14 12:47:17.854 [restartedMain] MiniProjectApplication - Running with Spring Boot v2.1.3.RELEASE, Spring v5.1.5.RELEASE
[INFO ] 2019-04-14 12:47:17.854 [restartedMain] MiniProjectApplication - No active profile set, falling back to default profiles: default
[INFO ] 2019-04-14 12:47:26.594 [main] MiniProjectApplication - Starting the application...
[INFO ] 2019-04-14 12:47:26.770 [restartedMain] MiniProjectApplication - Starting the application...
[INFO ] 2019-04-14 12:47:27.000 [restartedMain] MiniProjectApplication - Starting MiniProjectApplication on LAPTOP-H1FFV06D with PID 15276 (D:\eclipse-workspace\mini-project\target\classes started by dhkal in D:\eclipse-workspace\mini-project)
[DEBUG] 2019-04-14 12:47:27.001 [restartedMain] MiniProjectApplication - Running with Spring Boot v2.1.3.RELEASE, Spring v5.1.5.RELEASE
[INFO ] 2019-04-14 12:47:27.001 [restartedMain] MiniProjectApplication - No active profile set, falling back to default profiles: default
[INFO ] 2019-04-14 12:47:31.266 [restartedMain] MiniProjectApplication - Started MiniProjectApplication in 4.49 seconds (JVM running for 5.25)
[INFO ] 2019-04-14 12:50:43.192 [restartedMain] MiniProjectApplication - Starting the application...
[INFO ] 2019-04-14 12:50:43.226 [restartedMain] MiniProjectApplication - Starting MiniProjectApplication on LAPTOP-H1FFV06D with PID 15276 (D:\eclipse-workspace\mini-project\target\classes started by dhkal in D:\eclipse-workspace\mini-project)
[DEBUG] 2019-04-14 12:50:43.226 [restartedMain] MiniProjectApplication - Running with Spring Boot v2.1.3.RELEASE, Spring v5.1.5.RELEASE
[INFO ] 2019-04-14 12:50:43.226 [restartedMain] MiniProjectApplication - No active profile set, falling back to default profiles: default
[INFO ] 2019-04-14 12:50:44.050 [restartedMain] MiniProjectApplication - Started MiniProjectApplication in 0.855 seconds (JVM running for 198.034)
[INFO ] 2019-04-14 12:51:11.770 [restartedMain] MiniProjectApplication - Starting the application...
[INFO ] 2019-04-14 12:51:35.499 [restartedMain] MiniProjectApplication - Starting MiniProjectApplication on LAPTOP-H1FFV06D with PID 15276 (D:\eclipse-workspace\mini-project\target\classes started by dhkal in D:\eclipse-workspace\mini-project)
[DEBUG] 2019-04-14 12:51:35.499 [restartedMain] MiniProjectApplication - Running with Spring Boot v2.1.3.RELEASE, Spring v5.1.5.RELEASE
[INFO ] 2019-04-14 12:51:35.500 [restartedMain] MiniProjectApplication - No active profile set, falling back to default profiles: default
[INFO ] 2019-04-14 12:51:38.622 [main] MiniProjectApplication - Starting the application...
[INFO ] 2019-04-14 12:51:38.756 [restartedMain] MiniProjectApplication - Starting the application...
[INFO ] 2019-04-14 12:51:38.975 [restartedMain] MiniProjectApplication - Starting MiniProjectApplication on LAPTOP-H1FFV06D with PID 8164 (D:\eclipse-workspace\mini-project\target\classes started by dhkal in D:\eclipse-workspace\mini-project)
[DEBUG] 2019-04-14 12:51:38.975 [restartedMain] MiniProjectApplication - Running with Spring Boot v2.1.3.RELEASE, Spring v5.1.5.RELEASE
[INFO ] 2019-04-14 12:51:38.975 [restartedMain] MiniProjectApplication - No active profile set, falling back to default profiles: default
[INFO ] 2019-04-14 12:51:43.571 [restartedMain] MiniProjectApplication - Started MiniProjectApplication in 4.811 seconds (JVM running for 5.454)
[INFO ] 2019-04-14 12:51:52.210 [restartedMain] MiniProjectApplication - Starting the application...
[INFO ] 2019-04-14 12:51:52.248 [restartedMain] MiniProjectApplication - Starting MiniProjectApplication on LAPTOP-H1FFV06D with PID 8164 (D:\eclipse-workspace\mini-project\target\classes started by dhkal in D:\eclipse-workspace\mini-project)
[DEBUG] 2019-04-14 12:51:52.248 [restartedMain] MiniProjectApplication - Running with Spring Boot v2.1.3.RELEASE, Spring v5.1.5.RELEASE
[INFO ] 2019-04-14 12:51:52.249 [restartedMain] MiniProjectApplication - No active profile set, falling back to default profiles: default
[INFO ] 2019-04-14 12:51:52.328 [main] MiniProjectApplication - Starting the application...
[INFO ] 2019-04-14 12:51:52.537 [restartedMain] MiniProjectApplication - Starting the application...
[INFO ] 2019-04-14 12:51:52.894 [restartedMain] MiniProjectApplication - Starting MiniProjectApplication on LAPTOP-H1FFV06D with PID 11356 (D:\eclipse-workspace\mini-project\target\classes started by dhkal in D:\eclipse-workspace\mini-project)
[DEBUG] 2019-04-14 12:51:52.894 [restartedMain] MiniProjectApplication - Running with Spring Boot v2.1.3.RELEASE, Spring v5.1.5.RELEASE
[INFO ] 2019-04-14 12:51:52.895 [restartedMain] MiniProjectApplication - No active profile set, falling back to default profiles: default
[INFO ] 2019-04-14 12:51:53.312 [restartedMain] MiniProjectApplication - Started MiniProjectApplication in 1.099 seconds (JVM running for 15.195)
[INFO ] 2019-04-14 12:51:57.736 [main] MiniProjectApplication - Starting the application...
[INFO ] 2019-04-14 12:51:57.862 [restartedMain] MiniProjectApplication - Starting the application...
[INFO ] 2019-04-14 12:51:58.073 [restartedMain] MiniProjectApplication - Starting MiniProjectApplication on LAPTOP-H1FFV06D with PID 12816 (D:\eclipse-workspace\mini-project\target\classes started by dhkal in D:\eclipse-workspace\mini-project)
[DEBUG] 2019-04-14 12:51:58.074 [restartedMain] MiniProjectApplication - Running with Spring Boot v2.1.3.RELEASE, Spring v5.1.5.RELEASE
[INFO ] 2019-04-14 12:51:58.075 [restartedMain] MiniProjectApplication - No active profile set, falling back to default profiles: default
[INFO ] 2019-04-14 12:52:02.276 [restartedMain] MiniProjectApplication - Started MiniProjectApplication in 4.411 seconds (JVM running for 5.04)
[INFO ] 2019-04-14 12:55:12.177 [restartedMain] MiniProjectApplication - Starting the application...
[INFO ] 2019-04-14 12:55:13.229 [restartedMain] MiniProjectApplication - Starting MiniProjectApplication on LAPTOP-H1FFV06D with PID 12816 (D:\eclipse-workspace\mini-project\target\classes started by dhkal in D:\eclipse-workspace\mini-project)
[DEBUG] 2019-04-14 12:55:13.231 [restartedMain] MiniProjectApplication - Running with Spring Boot v2.1.3.RELEASE, Spring v5.1.5.RELEASE
[INFO ] 2019-04-14 12:55:13.233 [restartedMain] MiniProjectApplication - No active profile set, falling back to default profiles: default
[INFO ] 2019-04-14 12:55:14.074 [restartedMain] MiniProjectApplication - Started MiniProjectApplication in 1.895 seconds (JVM running for 196.838)
[INFO ] 2019-04-14 12:55:29.188 [main] MiniProjectApplication - Starting the application...
[INFO ] 2019-04-14 12:55:29.328 [restartedMain] MiniProjectApplication - Starting the application...
[INFO ] 2019-04-14 12:55:29.547 [restartedMain] MiniProjectApplication - Starting MiniProjectApplication on LAPTOP-H1FFV06D with PID 12272 (D:\eclipse-workspace\mini-project\target\classes started by dhkal in D:\eclipse-workspace\mini-project)
[DEBUG] 2019-04-14 12:55:29.552 [restartedMain] MiniProjectApplication - Running with Spring Boot v2.1.3.RELEASE, Spring v5.1.5.RELEASE
[INFO ] 2019-04-14 12:55:29.553 [restartedMain] MiniProjectApplication - No active profile set, falling back to default profiles: default
[INFO ] 2019-04-14 12:55:33.692 [restartedMain] MiniProjectApplication - Started MiniProjectApplication in 4.358 seconds (JVM running for 6.028)
[INFO ] 2019-04-14 12:57:11.437 [main] MiniProjectApplication - Starting the application...
[INFO ] 2019-04-14 12:57:11.568 [restartedMain] MiniProjectApplication - Starting the application...
[INFO ] 2019-04-14 12:57:11.775 [restartedMain] MiniProjectApplication - Starting MiniProjectApplication on LAPTOP-H1FFV06D with PID 7736 (D:\eclipse-workspace\mini-project\target\classes started by dhkal in D:\eclipse-workspace\mini-project)
[DEBUG] 2019-04-14 12:57:11.779 [restartedMain] MiniProjectApplication - Running with Spring Boot v2.1.3.RELEASE, Spring v5.1.5.RELEASE
[INFO ] 2019-04-14 12:57:11.781 [restartedMain] MiniProjectApplication - No active profile set, falling back to default profiles: default
[INFO ] 2019-04-14 12:57:15.648 [restartedMain] MiniProjectApplication - Started MiniProjectApplication in 4.075 seconds (JVM running for 5.742)
[INFO ] 2019-04-14 12:59:43.402 [main] MiniProjectApplication - Starting the application...
[INFO ] 2019-04-14 12:59:43.529 [restartedMain] MiniProjectApplication - Starting the application...
[INFO ] 2019-04-14 12:59:43.740 [restartedMain] MiniProjectApplication - Starting MiniProjectApplication on LAPTOP-H1FFV06D with PID 1104 (D:\eclipse-workspace\mini-project\target\classes started by dhkal in D:\eclipse-workspace\mini-project)
[DEBUG] 2019-04-14 12:59:43.744 [restartedMain] MiniProjectApplication - Running with Spring Boot v2.1.3.RELEASE, Spring v5.1.5.RELEASE
[INFO ] 2019-04-14 12:59:43.746 [restartedMain] MiniProjectApplication - No active profile set, falling back to default profiles: default
[INFO ] 2019-04-14 12:59:47.642 [restartedMain] MiniProjectApplication - Started MiniProjectApplication in 4.107 seconds (JVM running for 5.777)
[INFO ] 2019-04-14 13:01:24.391 [restartedMain] MiniProjectApplication - Starting the application...
[INFO ] 2019-04-14 13:01:24.422 [restartedMain] MiniProjectApplication - Starting MiniProjectApplication on LAPTOP-H1FFV06D with PID 1104 (D:\eclipse-workspace\mini-project\target\classes started by dhkal in D:\eclipse-workspace\mini-project)
[DEBUG] 2019-04-14 13:01:24.423 [restartedMain] MiniProjectApplication - Running with Spring Boot v2.1.3.RELEASE, Spring v5.1.5.RELEASE
[INFO ] 2019-04-14 13:01:24.424 [restartedMain] MiniProjectApplication - No active profile set, falling back to default profiles: default
[INFO ] 2019-04-14 13:01:25.229 [restartedMain] MiniProjectApplication - Started MiniProjectApplication in 0.835 seconds (JVM running for 103.363)
[INFO ] 2019-04-14 13:01:29.924 [main] MiniProjectApplication - Starting the application...
[INFO ] 2019-04-14 13:01:30.069 [restartedMain] MiniProjectApplication - Starting the application...
[INFO ] 2019-04-14 13:01:30.336 [restartedMain] MiniProjectApplication - Starting MiniProjectApplication on LAPTOP-H1FFV06D with PID 14008 (D:\eclipse-workspace\mini-project\target\classes started by dhkal in D:\eclipse-workspace\mini-project)
[DEBUG] 2019-04-14 13:01:30.338 [restartedMain] MiniProjectApplication - Running with Spring Boot v2.1.3.RELEASE, Spring v5.1.5.RELEASE
[INFO ] 2019-04-14 13:01:30.340 [restartedMain] MiniProjectApplication - No active profile set, falling back to default profiles: default
[INFO ] 2019-04-14 13:01:34.543 [restartedMain] MiniProjectApplication - Started MiniProjectApplication in 4.467 seconds (JVM running for 6.149)
[INFO ] 2019-04-14 13:01:42.448 [main] MiniProjectApplication - Starting the application...
[INFO ] 2019-04-14 13:01:42.575 [restartedMain] MiniProjectApplication - Starting the application...
[INFO ] 2019-04-14 13:01:42.809 [restartedMain] MiniProjectApplication - Starting MiniProjectApplication on LAPTOP-H1FFV06D with PID 8352 (D:\eclipse-workspace\mini-project\target\classes started by dhkal in D:\eclipse-workspace\mini-project)
[DEBUG] 2019-04-14 13:01:42.809 [restartedMain] MiniProjectApplication - Running with Spring Boot v2.1.3.RELEASE, Spring v5.1.5.RELEASE
[INFO ] 2019-04-14 13:01:42.810 [restartedMain] MiniProjectApplication - No active profile set, falling back to default profiles: default
[INFO ] 2019-04-14 13:01:47.365 [restartedMain] MiniProjectApplication - Started MiniProjectApplication in 4.786 seconds (JVM running for 5.421)
[INFO ] 2019-04-14 13:03:33.143 [http-nio-8080-exec-1] TransactionController - Transaction [Id=36, userID=123456789, channel=ATM, transactionType=Withdrawal, fromAccountNo=123456789, fromIFSC=SBIN0015040, toAccountNo=987654321, toIFSC=SBIN0015040, currency=INR, amount=1200.0, tdate=Sun Apr 14 13:03:32 IST 2019, transactionLocation=IN, loggingDate=Sun Apr 14 13:03:32 IST 2019, ]
[INFO ] 2019-04-14 13:10:24.757 [restartedMain] MiniProjectApplication - Starting the application...
[INFO ] 2019-04-14 13:10:25.811 [restartedMain] MiniProjectApplication - Starting MiniProjectApplication on LAPTOP-H1FFV06D with PID 8352 (D:\eclipse-workspace\mini-project\target\classes started by dhkal in D:\eclipse-workspace\mini-project)
[DEBUG] 2019-04-14 13:10:25.812 [restartedMain] MiniProjectApplication - Running with Spring Boot v2.1.3.RELEASE, Spring v5.1.5.RELEASE
[INFO ] 2019-04-14 13:10:25.814 [restartedMain] MiniProjectApplication - No active profile set, falling back to default profiles: default
[INFO ] 2019-04-14 13:10:26.665 [restartedMain] MiniProjectApplication - Started MiniProjectApplication in 1.905 seconds (JVM running for 524.721)
[INFO ] 2019-04-14 13:11:40.592 [main] MiniProjectApplication - Starting the application...
[INFO ] 2019-04-14 13:11:40.724 [restartedMain] MiniProjectApplication - Starting the application...
[INFO ] 2019-04-14 13:11:40.966 [restartedMain] MiniProjectApplication - Starting MiniProjectApplication on LAPTOP-H1FFV06D with PID 8344 (D:\eclipse-workspace\mini-project\target\classes started by dhkal in D:\eclipse-workspace\mini-project)
[DEBUG] 2019-04-14 13:11:40.967 [restartedMain] MiniProjectApplication - Running with Spring Boot v2.1.3.RELEASE, Spring v5.1.5.RELEASE
[INFO ] 2019-04-14 13:11:40.968 [restartedMain] MiniProjectApplication - No active profile set, falling back to default profiles: default
[INFO ] 2019-04-14 13:11:45.271 [restartedMain] MiniProjectApplication - Started MiniProjectApplication in 4.543 seconds (JVM running for 5.19)
[INFO ] 2019-04-14 13:12:10.926 [restartedMain] MiniProjectApplication - Starting the application...
[INFO ] 2019-04-14 13:12:10.978 [restartedMain] MiniProjectApplication - Starting MiniProjectApplication on LAPTOP-H1FFV06D with PID 8344 (D:\eclipse-workspace\mini-project\target\classes started by dhkal in D:\eclipse-workspace\mini-project)
[DEBUG] 2019-04-14 13:12:10.980 [restartedMain] MiniProjectApplication - Running with Spring Boot v2.1.3.RELEASE, Spring v5.1.5.RELEASE
[INFO ] 2019-04-14 13:12:10.980 [restartedMain] MiniProjectApplication - No active profile set, falling back to default profiles: default
[INFO ] 2019-04-14 13:12:11.775 [restartedMain] MiniProjectApplication - Started MiniProjectApplication in 0.846 seconds (JVM running for 31.694)
