[INFO ] 2019-04-14 16:12:24.959 [main] TransactionDriver - Starting logging
[INFO ] 2019-04-14 16:12:25.143 [restartedMain] TransactionDriver - Starting logging
[INFO ] 2019-04-14 16:12:25.520 [restartedMain] TransactionDriver - Starting TransactionDriver on DESKTOP-MMGV5GK with PID 3164 (D:\eclipse-workspace\RestApiExampleDemo\target\classes started by Atharva in D:\eclipse-workspace\RestApiExampleDemo)
[DEBUG] 2019-04-14 16:12:25.520 [restartedMain] TransactionDriver - Running with Spring Boot v2.1.3.RELEASE, Spring v5.1.5.RELEASE
[INFO ] 2019-04-14 16:12:25.521 [restartedMain] TransactionDriver - No active profile set, falling back to default profiles: default
[INFO ] 2019-04-14 16:13:52.553 [main] TransactionDriver - Starting logging
[INFO ] 2019-04-14 16:13:52.701 [restartedMain] TransactionDriver - Starting logging
[INFO ] 2019-04-14 16:13:52.935 [restartedMain] TransactionDriver - Starting TransactionDriver on DESKTOP-MMGV5GK with PID 892 (D:\eclipse-workspace\RestApiExampleDemo\target\classes started by Atharva in D:\eclipse-workspace\RestApiExampleDemo)
[DEBUG] 2019-04-14 16:13:52.935 [restartedMain] TransactionDriver - Running with Spring Boot v2.1.3.RELEASE, Spring v5.1.5.RELEASE
[INFO ] 2019-04-14 16:13:52.936 [restartedMain] TransactionDriver - No active profile set, falling back to default profiles: default
[INFO ] 2019-04-14 16:13:59.562 [restartedMain] TransactionDriver - Started TransactionDriver in 6.857 seconds (JVM running for 7.593)
[INFO ] 2019-04-14 17:11:32.837 [http-nio-8080-exec-2] CustomerTransactionResource - Data@@@@@: [8, 9878665, 4356112343, SBI12345, Sun Apr 14 17:11:32 IST 2019, 10000.0, 1, Credit, Mumbai, ]
[INFO ] 2019-04-14 17:38:29.814 [http-nio-8080-exec-5] CustomerTransactionResource - Data@@@@@: [9, 123456, 987654, SBI12345, Sun Apr 14 17:38:29 IST 2019, 10000.0, 1, Debit, Pune, ]
[INFO ] 2019-04-14 17:43:26.406 [restartedMain] TransactionDriver - Starting logging
[INFO ] 2019-04-14 17:43:26.486 [restartedMain] TransactionDriver - Starting TransactionDriver on DESKTOP-MMGV5GK with PID 892 (D:\eclipse-workspace\RestApiExampleDemo\target\classes started by Atharva in D:\eclipse-workspace\RestApiExampleDemo)
[DEBUG] 2019-04-14 17:43:26.486 [restartedMain] TransactionDriver - Running with Spring Boot v2.1.3.RELEASE, Spring v5.1.5.RELEASE
[INFO ] 2019-04-14 17:43:26.487 [restartedMain] TransactionDriver - No active profile set, falling back to default profiles: default
[INFO ] 2019-04-14 17:43:27.952 [restartedMain] TransactionDriver - Started TransactionDriver in 1.539 seconds (JVM running for 5375.983)
[INFO ] 2019-04-14 17:43:55.499 [http-nio-8080-exec-1] CustomerTransactionResource - Data@@@@@: [10, 123456, 987654, SBI12345, Sun Apr 14 17:43:55 IST 2019, 999.0, 1, Debit, Pune, ]
[INFO ] 2019-04-14 17:46:42.840 [restartedMain] TransactionDriver - Starting logging
[INFO ] 2019-04-14 17:46:42.881 [restartedMain] TransactionDriver - Starting TransactionDriver on DESKTOP-MMGV5GK with PID 892 (D:\eclipse-workspace\RestApiExampleDemo\target\classes started by Atharva in D:\eclipse-workspace\RestApiExampleDemo)
[DEBUG] 2019-04-14 17:46:42.881 [restartedMain] TransactionDriver - Running with Spring Boot v2.1.3.RELEASE, Spring v5.1.5.RELEASE
[INFO ] 2019-04-14 17:46:42.881 [restartedMain] TransactionDriver - No active profile set, falling back to default profiles: default
[INFO ] 2019-04-14 17:46:43.647 [restartedMain] TransactionDriver - Started TransactionDriver in 0.801 seconds (JVM running for 5571.678)
[INFO ] 2019-04-14 17:47:19.290 [restartedMain] TransactionDriver - Starting logging
[INFO ] 2019-04-14 17:47:19.327 [restartedMain] TransactionDriver - Starting TransactionDriver on DESKTOP-MMGV5GK with PID 892 (D:\eclipse-workspace\RestApiExampleDemo\target\classes started by Atharva in D:\eclipse-workspace\RestApiExampleDemo)
[DEBUG] 2019-04-14 17:47:19.328 [restartedMain] TransactionDriver - Running with Spring Boot v2.1.3.RELEASE, Spring v5.1.5.RELEASE
[INFO ] 2019-04-14 17:47:19.328 [restartedMain] TransactionDriver - No active profile set, falling back to default profiles: default
[INFO ] 2019-04-14 17:47:19.983 [restartedMain] TransactionDriver - Started TransactionDriver in 0.689 seconds (JVM running for 5608.014)
[INFO ] 2019-04-14 17:48:34.992 [http-nio-8080-exec-3] CustomerTransactionResource - Data@@@@@: [11, 123456, 987654, SBI12345, 1234.0, 1, Credit, Mumbai, ]
[INFO ] 2019-04-14 17:51:55.975 [restartedMain] TransactionDriver - Starting logging
[INFO ] 2019-04-14 17:51:56.006 [restartedMain] TransactionDriver - Starting TransactionDriver on DESKTOP-MMGV5GK with PID 892 (D:\eclipse-workspace\RestApiExampleDemo\target\classes started by Atharva in D:\eclipse-workspace\RestApiExampleDemo)
[DEBUG] 2019-04-14 17:51:56.006 [restartedMain] TransactionDriver - Running with Spring Boot v2.1.3.RELEASE, Spring v5.1.5.RELEASE
[INFO ] 2019-04-14 17:51:56.006 [restartedMain] TransactionDriver - No active profile set, falling back to default profiles: default
[INFO ] 2019-04-14 17:51:56.527 [restartedMain] TransactionDriver - Started TransactionDriver in 0.547 seconds (JVM running for 5884.558)
[INFO ] 2019-04-14 17:52:32.709 [main] TransactionDriver - Starting logging
[INFO ] 2019-04-14 17:52:32.874 [restartedMain] TransactionDriver - Starting logging
[INFO ] 2019-04-14 17:52:33.140 [restartedMain] TransactionDriver - Starting TransactionDriver on DESKTOP-MMGV5GK with PID 8632 (D:\eclipse-workspace\RestApiExampleDemo\target\classes started by Atharva in D:\eclipse-workspace\RestApiExampleDemo)
[DEBUG] 2019-04-14 17:52:33.140 [restartedMain] TransactionDriver - Running with Spring Boot v2.1.3.RELEASE, Spring v5.1.5.RELEASE
[INFO ] 2019-04-14 17:52:33.141 [restartedMain] TransactionDriver - No active profile set, falling back to default profiles: default
[INFO ] 2019-04-14 17:52:38.207 [restartedMain] TransactionDriver - Started TransactionDriver in 5.329 seconds (JVM running for 6.254)
[INFO ] 2019-04-14 17:54:06.779 [restartedMain] TransactionDriver - Starting logging
[INFO ] 2019-04-14 17:54:06.812 [restartedMain] TransactionDriver - Starting TransactionDriver on DESKTOP-MMGV5GK with PID 8632 (D:\eclipse-workspace\RestApiExampleDemo\target\classes started by Atharva in D:\eclipse-workspace\RestApiExampleDemo)
[DEBUG] 2019-04-14 17:54:06.812 [restartedMain] TransactionDriver - Running with Spring Boot v2.1.3.RELEASE, Spring v5.1.5.RELEASE
[INFO ] 2019-04-14 17:54:06.813 [restartedMain] TransactionDriver - No active profile set, falling back to default profiles: default
[INFO ] 2019-04-14 17:54:07.563 [restartedMain] TransactionDriver - Started TransactionDriver in 0.781 seconds (JVM running for 95.61)
[INFO ] 2019-04-14 17:55:02.270 [restartedMain] TransactionDriver - Starting logging
[INFO ] 2019-04-14 17:55:02.302 [restartedMain] TransactionDriver - Starting TransactionDriver on DESKTOP-MMGV5GK with PID 8632 (D:\eclipse-workspace\RestApiExampleDemo\target\classes started by Atharva in D:\eclipse-workspace\RestApiExampleDemo)
[DEBUG] 2019-04-14 17:55:02.302 [restartedMain] TransactionDriver - Running with Spring Boot v2.1.3.RELEASE, Spring v5.1.5.RELEASE
[INFO ] 2019-04-14 17:55:02.302 [restartedMain] TransactionDriver - No active profile set, falling back to default profiles: default
[INFO ] 2019-04-14 17:55:02.969 [restartedMain] TransactionDriver - Started TransactionDriver in 0.697 seconds (JVM running for 151.016)
[INFO ] 2019-04-14 17:55:17.586 [restartedMain] TransactionDriver - Starting logging
[INFO ] 2019-04-14 17:55:17.620 [restartedMain] TransactionDriver - Starting TransactionDriver on DESKTOP-MMGV5GK with PID 8632 (D:\eclipse-workspace\RestApiExampleDemo\target\classes started by Atharva in D:\eclipse-workspace\RestApiExampleDemo)
[DEBUG] 2019-04-14 17:55:17.620 [restartedMain] TransactionDriver - Running with Spring Boot v2.1.3.RELEASE, Spring v5.1.5.RELEASE
[INFO ] 2019-04-14 17:55:17.621 [restartedMain] TransactionDriver - No active profile set, falling back to default profiles: default
[INFO ] 2019-04-14 17:55:18.419 [restartedMain] TransactionDriver - Started TransactionDriver in 0.829 seconds (JVM running for 166.466)
