Starting the application
Starting the application
Starting TransactionEx on DESKTOP-RM8TPDV with PID 10988 (D:\Project\target\classes started by Aakanksha Mahajan in D:\Project)
Running with Spring Boot v1.5.4.RELEASE, Spring v4.3.9.RELEASE
No active profile set, falling back to default profiles: default
Started TransactionEx in 8.893 seconds (JVM running for 10.361)
Starting the application
Starting TransactionEx on DESKTOP-RM8TPDV with PID 10988 (D:\Project\target\classes started by Aakanksha Mahajan in D:\Project)
Running with Spring Boot v1.5.4.RELEASE, Spring v4.3.9.RELEASE
No active profile set, falling back to default profiles: default
Started TransactionEx in 1.919 seconds (JVM running for 2576.354)
Post: [Sanjay, 176848393, IOB, 1685585695, 963652542252, 1970-01-01 09:07:22.019, 25000.0, df, INDIA, ]
Post: [Sanjay, 176848393, IOB, 1685585695, 963652542252, 1970-01-01 09:07:22.019, 25000.0, df, INDIA, ]
Get: [[Sejal, 6665552985, BOI, 789545264, 8441742145, 1970-01-01 05:40:42.0, 25000.0, df, INDIA, ], [Devika, 56889545, UCO, 6545245264, 8441985652, 1970-01-01 07:27:22.0, 30000.0, df, INDIA, ], [Pooja, 165248955, BOI, 4569812355, 4474589123, 1970-01-01 07:44:02.0, 35000.0, df, INDIA, ], [Atharva, 16545856, Kotak, 123588895, 365422562, 1970-01-01 07:44:02.0, 55000.0, df, INDIA, ], [Aakanksha, 16804040, IOB, 168554252, 1989256262, 1970-01-01 07:44:02.0, 20000.0, df, INDIA, ], [Aakanksha, 16804040, IOB, 168554252, 1989256262, 1970-01-01 07:44:02.0, 20000.0, df, INDIA, ], [Aakanksha, 16804040, IOB, 168554252, 1989256262, 1970-01-01 07:44:02.0, 20000.0, df, INDIA, ], [Sanjay, 16565525, BOM, 1685585695, 963652542252, 1970-01-01 09:07:22.0, 25000.0, df, INDIA, ], [Sanjay, 176848393, IOB, 1685585695, 963652542252, 1970-01-01 09:07:22.0, 25000.0, df, INDIA, ], [Sanjay, 176848393, IOB, 1685585695, 963652542252, 1970-01-01 09:07:22.0, 25000.0, df, INDIA, ]]
Starting the application
Starting the application
Starting TransactionEx on DESKTOP-RM8TPDV with PID 10540 (D:\Project\target\classes started by Aakanksha Mahajan in D:\Project)
Running with Spring Boot v1.5.4.RELEASE, Spring v4.3.9.RELEASE
No active profile set, falling back to default profiles: default
Started TransactionEx in 7.161 seconds (JVM running for 8.748)
Starting the application
Starting the application
Starting TransactionEx on DESKTOP-RM8TPDV with PID 1556 (D:\Project\target\classes started by Aakanksha Mahajan in D:\Project)
Running with Spring Boot v1.5.4.RELEASE, Spring v4.3.9.RELEASE
No active profile set, falling back to default profiles: default
Started TransactionEx in 7.158 seconds (JVM running for 8.729)
Starting the application
Starting TransactionEx on DESKTOP-RM8TPDV with PID 1556 (D:\Project\target\classes started by Aakanksha Mahajan in D:\Project)
Running with Spring Boot v1.5.4.RELEASE, Spring v4.3.9.RELEASE
No active profile set, falling back to default profiles: default
Started TransactionEx in 1.867 seconds (JVM running for 85.611)
Starting the application
Starting TransactionEx on DESKTOP-RM8TPDV with PID 1556 (D:\Project\target\classes started by Aakanksha Mahajan in D:\Project)
Running with Spring Boot v1.5.4.RELEASE, Spring v4.3.9.RELEASE
No active profile set, falling back to default profiles: default
Started TransactionEx in 1.426 seconds (JVM running for 95.02)
